#
# There is insufficient memory for the Java Runtime Environment to continue.
# Native memory allocation (mmap) failed to map 596639744 bytes for Failed to commit area from 0x0000000096400000 to 0x00000000b9d00000 of length 596639744.
# Possible reasons:
#   The system is out of physical RAM or swap space
#   The process is running with CompressedOops enabled, and the Java Heap may be blocking the growth of the native heap
# Possible solutions:
#   Reduce memory load on the system
#   Increase physical memory or swap space
#   Check if swap backing store is full
#   Decrease Java heap size (-Xmx/-Xms)
#   Decrease number of Java threads
#   Decrease Java thread stack sizes (-Xss)
#   Set larger code cache with -XX:ReservedCodeCacheSize=
#   JVM is running with Unscaled Compressed Oops mode in which the Java heap is
#     placed in the first 4GB address space. The Java Heap base address is the
#     maximum limit for the native heap growth. Please use -XX:HeapBaseMinAddress
#     to set the Java Heap base and to place the Java Heap above 4GB virtual address.
# This output file may be truncated or incomplete.
#
#  Out of Memory Error (./src/hotspot/os/windows/os_windows.cpp:3303), pid=5052, tid=472
#
# JRE version: OpenJDK Runtime Environment (11.0.8+10) (build 11.0.8+10-b944.6842174)
# Java VM: OpenJDK 64-Bit Server VM (11.0.8+10-b944.6842174, mixed mode, tiered, compressed oops, g1 gc, windows-amd64)
# No core dump will be written. Minidumps are not enabled by default on client versions of Windows
#

---------------  S U M M A R Y ------------

Command Line: --add-opens=java.base/java.util=ALL-UNNAMED --add-opens=java.base/java.lang=ALL-UNNAMED --add-opens=java.base/java.lang.invoke=ALL-UNNAMED --add-opens=java.prefs/java.util.prefs=ALL-UNNAMED -Xmx2048m -Dfile.encoding=UTF-8 -Duser.country=GB -Duser.language=en -Duser.variant org.gradle.launcher.daemon.bootstrap.GradleDaemon 6.7.1

Host: Intel(R) Core(TM) i5-4210U CPU @ 1.70GHz, 4 cores, 7G,  Windows 8.1 , 64 bit Build 9600 (6.3.9600.17415)
Time: Wed Jun  2 14:22:25 2021 India Standard Time elapsed time: 9496 seconds (0d 2h 38m 16s)

---------------  T H R E A D  ---------------

Current thread (0x0000002a46494000):  VMThread "VM Thread" [stack: 0x0000002a46890000,0x0000002a46990000] [id=472]

Stack: [0x0000002a46890000,0x0000002a46990000]
[error occurred during error reporting (printing stack bounds), id 0xc0000005, EXCEPTION_ACCESS_VIOLATION (0xc0000005) at pc=0x0000002a2f650dad]

Native frames: (J=compiled Java code, j=interpreted, Vv=VM code, C=native code)
V  [jvm.dll+0x5de50a]
V  [jvm.dll+0x7122f5]
V  [jvm.dll+0x71384d]
V  [jvm.dll+0x713e65]
V  [jvm.dll+0x713e1b]
V  [jvm.dll+0x5dd958]
V  [jvm.dll+0x5de0f8]
C  [ntdll.dll+0x9349d]
C  [ntdll.dll+0x548d7]
C  [ntdll.dll+0x9262a]
C  0x0000002a2f650dad

VM_Operation (0x0000002a5d07d120): G1CollectForAllocation, mode: safepoint, requested by thread 0x0000002a4f816800


---------------  P R O C E S S  ---------------

Threads class SMR info:
_java_thread_list=0x0000002a5a905d50, length=52, elements={
0x0000002a2bd07000, 0x0000002a45a89000, 0x0000002a45a85000, 0x0000002a464de800,
0x0000002a464e1000, 0x0000002a464e2000, 0x0000002a46541000, 0x0000002a4654a000,
0x0000002a46642000, 0x0000002a46672800, 0x0000002a49283800, 0x0000002a485d1800,
0x0000002a48d36000, 0x0000002a491eb800, 0x0000002a491ec800, 0x0000002a491ef000,
0x0000002a49a39800, 0x0000002a49a39000, 0x0000002a4f87d800, 0x0000002a4f87d000,
0x0000002a4f87c000, 0x0000002a4f87a800, 0x0000002a4f880000, 0x0000002a4f881000,
0x0000002a4f87e800, 0x0000002a4f882800, 0x0000002a4f882000, 0x0000002a4f885000,
0x0000002a4f886000, 0x0000002a4f884800, 0x0000002a4f883800, 0x0000002a4f889000,
0x0000002a4f886800, 0x0000002a4f887800, 0x0000002a4c527800, 0x0000002a4c527000,
0x0000002a4c52a000, 0x0000002a4c52b000, 0x0000002a4c529000, 0x0000002a4c52c800,
0x0000002a4c52e000, 0x0000002a4c52b800, 0x0000002a4f816800, 0x0000002a4f819000,
0x0000002a4f81a000, 0x0000002a4f817800, 0x0000002a4f81a800, 0x0000002a4f81d000,
0x0000002a4f81b800, 0x0000002a4f81e000, 0x0000002a4f81e800, 0x0000002a4f81c800
}

Java Threads: ( => current thread )
  0x0000002a2bd07000 JavaThread "main" [_thread_blocked, id=9492, stack(0x0000002a2b3b0000,0x0000002a2b4b0000)]
  0x0000002a45a89000 JavaThread "Reference Handler" daemon [_thread_blocked, id=5156, stack(0x0000002a46990000,0x0000002a46a90000)]
  0x0000002a45a85000 JavaThread "Finalizer" daemon [_thread_blocked, id=1432, stack(0x0000002a46a90000,0x0000002a46b90000)]
  0x0000002a464de800 JavaThread "Signal Dispatcher" daemon [_thread_blocked, id=8396, stack(0x0000002a46c70000,0x0000002a46d70000)]
  0x0000002a464e1000 JavaThread "Attach Listener" daemon [_thread_blocked, id=6200, stack(0x0000002a46d70000,0x0000002a46e70000)]
  0x0000002a464e2000 JavaThread "C2 CompilerThread0" daemon [_thread_blocked, id=940, stack(0x0000002a46e70000,0x0000002a46f70000)]
  0x0000002a46541000 JavaThread "C1 CompilerThread0" daemon [_thread_blocked, id=10912, stack(0x0000002a46f70000,0x0000002a47070000)]
  0x0000002a4654a000 JavaThread "Sweeper thread" daemon [_thread_blocked, id=5464, stack(0x0000002a47070000,0x0000002a47170000)]
  0x0000002a46642000 JavaThread "Common-Cleaner" daemon [_thread_blocked, id=9004, stack(0x0000002a47170000,0x0000002a47270000)]
  0x0000002a46672800 JavaThread "Service Thread" daemon [_thread_blocked, id=10724, stack(0x0000002a47270000,0x0000002a47370000)]
  0x0000002a49283800 JavaThread "Daemon health stats" [_thread_blocked, id=8316, stack(0x0000002a4a310000,0x0000002a4a410000)]
  0x0000002a485d1800 JavaThread "Incoming local TCP Connector on port 57244" [_thread_in_native, id=4532, stack(0x0000002a4a9f0000,0x0000002a4aaf0000)]
  0x0000002a48d36000 JavaThread "Daemon periodic checks" [_thread_blocked, id=8116, stack(0x0000002a4abe0000,0x0000002a4ace0000)]
  0x0000002a491eb800 JavaThread "Cache worker for file hash cache (C:\Users\hp -pc\.gradle\caches\6.7.1\fileHashes)" [_thread_blocked, id=2672, stack(0x0000002a4b9e0000,0x0000002a4bae0000)]
  0x0000002a491ec800 JavaThread "File lock request listener" [_thread_in_native, id=10272, stack(0x0000002a4bae0000,0x0000002a4bbe0000)]
  0x0000002a491ef000 JavaThread "Cache worker for journal cache (C:\Users\hp -pc\.gradle\caches\journal-1)" [_thread_blocked, id=5088, stack(0x0000002a4bde0000,0x0000002a4bee0000)]
  0x0000002a49a39800 JavaThread "Cache worker for execution history cache (C:\Users\hp -pc\.gradle\caches\6.7.1\executionHistory)" [_thread_blocked, id=10204, stack(0x0000002a4ef80000,0x0000002a4f080000)]
  0x0000002a49a39000 JavaThread "Cache worker for file content cache (C:\Users\hp -pc\.gradle\caches\6.7.1\fileContent)" [_thread_blocked, id=6824, stack(0x0000002a4ed80000,0x0000002a4ee80000)]
  0x0000002a4f87d800 JavaThread "Memory manager" [_thread_blocked, id=6096, stack(0x0000002a57f30000,0x0000002a58030000)]
  0x0000002a4f87d000 JavaThread "Daemon Thread 3" [_thread_blocked, id=10112, stack(0x0000002a47c70000,0x0000002a47d70000)]
  0x0000002a4f87c000 JavaThread "Handler for socket connection from /127.0.0.1:57244 to /127.0.0.1:58471" [_thread_in_native, id=10960, stack(0x0000002a4aee0000,0x0000002a4afe0000)]
  0x0000002a4f87a800 JavaThread "Cancel handler" [_thread_blocked, id=1316, stack(0x0000002a4b1e0000,0x0000002a4b2e0000)]
  0x0000002a4f880000 JavaThread "Daemon worker Thread 3" [_thread_blocked, id=7228, stack(0x0000002a4b3e0000,0x0000002a4b4e0000)]
  0x0000002a4f881000 JavaThread "Asynchronous log dispatcher for DefaultDaemonConnection: socket connection from /127.0.0.1:57244 to /127.0.0.1:58471" [_thread_blocked, id=1556, stack(0x0000002a4b4e0000,0x0000002a4b5e0000)]
  0x0000002a4f87e800 JavaThread "Thread-246" [_thread_blocked, id=4560, stack(0x0000002a4bee0000,0x0000002a4bfe0000)]
  0x0000002a4f882800 JavaThread "Cache worker for file hash cache (F:\Anuj\Degree2021\Public Distribution System\EStore\.gradle\6.7.1\fileHashes)" [_thread_blocked, id=8888, stack(0x0000002a4d480000,0x0000002a4d580000)]
  0x0000002a4f882000 JavaThread "Cache worker for checksums cache (F:\Anuj\Degree2021\Public Distribution System\EStore\.gradle\checksums)" [_thread_blocked, id=6080, stack(0x0000002a4d580000,0x0000002a4d680000)]
  0x0000002a4f885000 JavaThread "Cache worker for cache directory md-supplier (C:\Users\hp -pc\.gradle\caches\6.7.1\md-supplier)" [_thread_blocked, id=8372, stack(0x0000002a4d680000,0x0000002a4d780000)]
  0x0000002a4f886000 JavaThread "Cache worker for cache directory md-rule (C:\Users\hp -pc\.gradle\caches\6.7.1\md-rule)" [_thread_blocked, id=4396, stack(0x0000002a4d780000,0x0000002a4d880000)]
  0x0000002a4f884800 JavaThread "Cache worker for Build Output Cleanup Cache (F:\Anuj\Degree2021\Public Distribution System\EStore\.gradle\buildOutputCleanup)" [_thread_blocked, id=8096, stack(0x0000002a4d880000,0x0000002a4d980000)]
  0x0000002a4f883800 JavaThread "Build operations" [_thread_blocked, id=2648, stack(0x0000002a4d980000,0x0000002a4da80000)]
  0x0000002a4f889000 JavaThread "Build operations Thread 2" [_thread_blocked, id=7500, stack(0x0000002a4da80000,0x0000002a4db80000)]
  0x0000002a4f886800 JavaThread "Build operations Thread 3" [_thread_blocked, id=9164, stack(0x0000002a4db80000,0x0000002a4dc80000)]
  0x0000002a4f887800 JavaThread "Build operations Thread 4" [_thread_blocked, id=8016, stack(0x0000002a4dc80000,0x0000002a4dd80000)]
  0x0000002a4c527800 JavaThread "build event listener" [_thread_blocked, id=788, stack(0x0000002a5c3c0000,0x0000002a5c4c0000)]
  0x0000002a4c527000 JavaThread "build event listener" [_thread_blocked, id=10864, stack(0x0000002a5c780000,0x0000002a5c880000)]
  0x0000002a4c52a000 JavaThread "Execution worker for ':'" [_thread_blocked, id=10308, stack(0x0000002a5c880000,0x0000002a5c980000)]
  0x0000002a4c52b000 JavaThread "Execution worker for ':' Thread 2" [_thread_blocked, id=9292, stack(0x0000002a5c980000,0x0000002a5ca80000)]
  0x0000002a4c529000 JavaThread "Execution worker for ':' Thread 3" [_thread_blocked, id=7916, stack(0x0000002a5ca80000,0x0000002a5cb80000)]
  0x0000002a4c52c800 JavaThread "Cache worker for execution history cache (F:\Anuj\Degree2021\Public Distribution System\EStore\.gradle\6.7.1\executionHistory)" [_thread_blocked, id=7164, stack(0x0000002a5c630000,0x0000002a5c730000)]
  0x0000002a4c52e000 JavaThread "WorkerExecutor Queue Thread 2" [_thread_blocked, id=7016, stack(0x0000002a5c4c0000,0x0000002a5c5c0000)]
  0x0000002a4c52b800 JavaThread "WorkerExecutor Queue Thread 3" [_thread_blocked, id=9280, stack(0x0000002a5cd80000,0x0000002a5ce80000)]
  0x0000002a4f816800 JavaThread "WorkerExecutor Queue Thread 4" [_thread_blocked, id=4824, stack(0x0000002a5cf80000,0x0000002a5d080000)]
  0x0000002a4f819000 JavaThread "pool-10-thread-1" [_thread_blocked, id=8080, stack(0x0000002a4dd80000,0x0000002a4de80000)]
  0x0000002a4f81a000 JavaThread "stderr" [_thread_in_native, id=4804, stack(0x0000002a4b5e0000,0x0000002a4b6e0000)]
  0x0000002a4f817800 JavaThread "stdout" [_thread_in_native, id=7176, stack(0x0000002a4e080000,0x0000002a4e180000)]
  0x0000002a4f81a800 JavaThread "WorkerExecutor Queue Thread 5" [_thread_blocked, id=8596, stack(0x0000002a4e680000,0x0000002a4e780000)]
  0x0000002a4f81d000 JavaThread "C2 CompilerThread1" daemon [_thread_blocked, id=9124, stack(0x0000002a4e380000,0x0000002a4e480000)]
  0x0000002a4f81b800 JavaThread "ForkJoinPool-3-worker-3" daemon [_thread_blocked, id=1452, stack(0x0000002a4e780000,0x0000002a4e880000)]
  0x0000002a4f81e000 JavaThread "ForkJoinPool-3-worker-5" daemon [_thread_blocked, id=11236, stack(0x0000002a4e880000,0x0000002a4e980000)]
  0x0000002a4f81e800 JavaThread "ForkJoinPool-3-worker-7" daemon [_thread_blocked, id=4456, stack(0x0000002a4e980000,0x0000002a4ea80000)]
  0x0000002a4f81c800 JavaThread "ForkJoinPool-3-worker-1" daemon [_thread_blocked, id=4756, stack(0x0000002a4ec80000,0x0000002a4ed80000)]

Other Threads:
=>0x0000002a46494000 VMThread "VM Thread" [stack: 0x0000002a46890000,0x0000002a46990000] [id=472]
  0x0000002a46673000 WatcherThread [stack: 0x0000002a47370000,0x0000002a47470000] [id=10344]
  0x0000002a2bd1f800 GCTaskThread "GC Thread#0" [stack: 0x0000002a2b690000,0x0000002a2b790000] [id=10072]
  0x0000002a478d9000 GCTaskThread "GC Thread#1" [stack: 0x0000002a48d40000,0x0000002a48e40000] [id=8124]
  0x0000002a4774e000 GCTaskThread "GC Thread#2" [stack: 0x0000002a48e40000,0x0000002a48f40000] [id=4848]
  0x0000002a49209800 GCTaskThread "GC Thread#3" [stack: 0x0000002a4b6e0000,0x0000002a4b7e0000] [id=10288]
  0x0000002a2bd50800 ConcurrentGCThread "G1 Main Marker" [stack: 0x0000002a43250000,0x0000002a43350000] [id=8608]
  0x0000002a2bd52000 ConcurrentGCThread "G1 Conc#0" [stack: 0x0000002a43350000,0x0000002a43450000] [id=11076]
  0x0000002a2bdae800 ConcurrentGCThread "G1 Refine#0" [stack: 0x0000002a45a90000,0x0000002a45b90000] [id=4996]
  0x0000002a4f216000 ConcurrentGCThread "G1 Refine#1" [stack: 0x0000002a4a8f0000,0x0000002a4a9f0000] [id=9984]
  0x0000002a4f214800 ConcurrentGCThread "G1 Refine#2" [stack: 0x0000002a4ee80000,0x0000002a4ef80000] [id=2752]
  0x0000002a4f218800 ConcurrentGCThread "G1 Refine#3" [stack: 0x0000002a4f080000,0x0000002a4f180000] [id=10048]
  0x0000002a458cc000 ConcurrentGCThread "G1 Young RemSet Sampling" [stack: 0x0000002a45b90000,0x0000002a45c90000] [id=9868]

Threads with active compile tasks:
C2 CompilerThread09496896 20189       4       com.android.tools.r8.dex.P$c::a (94 bytes)
C2 CompilerThread19496896 20188       4       com.android.tools.r8.dex.P$c$$Lambda$1297/0x0000000100f7d040::compare (16 bytes)

VM state:at safepoint (normal execution)

VM Mutex/Monitor currently owned by a thread:  ([mutex/lock_event])
[0x0000002a2bd04c90] Threads_lock - owner thread: 0x0000002a46494000
[0x0000002a2bd06790] Heap_lock - owner thread: 0x0000002a4f816800

Heap address: 0x0000000080000000, size: 2048 MB, Compressed Oops mode: 32-bit
Narrow klass base: 0x0000000000000000, Narrow klass shift: 3
Compressed class space size: 1073741824 Address: 0x0000000100000000

Heap:
 garbage-first heap   total 947200K, used 150528K [0x0000000080000000, 0x0000000100000000)
  region size 1024K, 3 young (3072K), 3 survivors (3072K)
 Metaspace       used 123612K, capacity 126528K, committed 126664K, reserved 1159168K
  class space    used 15092K, capacity 16129K, committed 16204K, reserved 1048576K
Heap Regions: E=young(eden), S=young(survivor), O=old, HS=humongous(starts), HC=humongous(continues), CS=collection set, F=free, A=archive, TAMS=top-at-mark-start (previous, next)
|   0|0x0000000080000000, 0x0000000080100000, 0x0000000080100000|100%| O|  |TAMS 0x0000000080100000, 0x0000000080000000| Updating 
|   1|0x0000000080100000, 0x0000000080200000, 0x0000000080200000|100%| O|  |TAMS 0x0000000080200000, 0x0000000080100000| Updating 
|   2|0x0000000080200000, 0x0000000080300000, 0x0000000080300000|100%| O|  |TAMS 0x0000000080300000, 0x0000000080200000| Updating 
|   3|0x0000000080300000, 0x0000000080400000, 0x0000000080400000|100%|HS|  |TAMS 0x0000000080400000, 0x0000000080300000| Complete 
|   4|0x0000000080400000, 0x0000000080500000, 0x0000000080500000|100%|HC|  |TAMS 0x0000000080500000, 0x0000000080400000| Complete 
|   5|0x0000000080500000, 0x0000000080600000, 0x0000000080600000|100%|HC|  |TAMS 0x0000000080600000, 0x0000000080500000| Complete 
|   6|0x0000000080600000, 0x0000000080700000, 0x0000000080700000|100%| O|  |TAMS 0x0000000080700000, 0x0000000080600000| Updating 
|   7|0x0000000080700000, 0x0000000080800000, 0x0000000080800000|100%| O|  |TAMS 0x0000000080800000, 0x0000000080700000| Updating 
|   8|0x0000000080800000, 0x0000000080900000, 0x0000000080900000|100%| O|  |TAMS 0x0000000080900000, 0x0000000080800000| Updating 
|   9|0x0000000080900000, 0x0000000080a00000, 0x0000000080a00000|100%| O|  |TAMS 0x0000000080a00000, 0x0000000080900000| Updating 
|  10|0x0000000080a00000, 0x0000000080b00000, 0x0000000080b00000|100%| O|  |TAMS 0x0000000080b00000, 0x0000000080a00000| Updating 
|  11|0x0000000080b00000, 0x0000000080c00000, 0x0000000080c00000|100%| O|  |TAMS 0x0000000080c00000, 0x0000000080b00000| Updating 
|  12|0x0000000080c00000, 0x0000000080d00000, 0x0000000080d00000|100%| O|  |TAMS 0x0000000080d00000, 0x0000000080c00000| Updating 
|  13|0x0000000080d00000, 0x0000000080e00000, 0x0000000080e00000|100%| O|  |TAMS 0x0000000080e00000, 0x0000000080d00000| Updating 
|  14|0x0000000080e00000, 0x0000000080f00000, 0x0000000080f00000|100%| O|  |TAMS 0x0000000080f00000, 0x0000000080e00000| Updating 
|  15|0x0000000080f00000, 0x0000000081000000, 0x0000000081000000|100%| O|  |TAMS 0x0000000081000000, 0x0000000080f00000| Updating 
|  16|0x0000000081000000, 0x0000000081100000, 0x0000000081100000|100%|HS|  |TAMS 0x0000000081100000, 0x0000000081000000| Complete 
|  17|0x0000000081100000, 0x0000000081200000, 0x0000000081200000|100%|HC|  |TAMS 0x0000000081200000, 0x0000000081100000| Complete 
|  18|0x0000000081200000, 0x0000000081300000, 0x0000000081300000|100%|HS|  |TAMS 0x0000000081300000, 0x0000000081200000| Complete 
|  19|0x0000000081300000, 0x0000000081400000, 0x0000000081400000|100%|HC|  |TAMS 0x0000000081400000, 0x0000000081300000| Complete 
|  20|0x0000000081400000, 0x0000000081500000, 0x0000000081500000|100%|HC|  |TAMS 0x0000000081500000, 0x0000000081400000| Complete 
|  21|0x0000000081500000, 0x0000000081600000, 0x0000000081600000|100%|HS|  |TAMS 0x0000000081600000, 0x0000000081500000| Complete 
|  22|0x0000000081600000, 0x0000000081700000, 0x0000000081700000|100%|HC|  |TAMS 0x0000000081700000, 0x0000000081600000| Complete 
|  23|0x0000000081700000, 0x0000000081800000, 0x0000000081800000|100%|HC|  |TAMS 0x0000000081800000, 0x0000000081700000| Complete 
|  24|0x0000000081800000, 0x0000000081900000, 0x0000000081900000|100%|HC|  |TAMS 0x0000000081900000, 0x0000000081800000| Complete 
|  25|0x0000000081900000, 0x0000000081a00000, 0x0000000081a00000|100%| O|  |TAMS 0x0000000081a00000, 0x0000000081900000| Updating 
|  26|0x0000000081a00000, 0x0000000081b00000, 0x0000000081b00000|100%| O|  |TAMS 0x0000000081b00000, 0x0000000081a00000| Updating 
|  27|0x0000000081b00000, 0x0000000081c00000, 0x0000000081c00000|100%| O|  |TAMS 0x0000000081c00000, 0x0000000081b00000| Updating 
|  28|0x0000000081c00000, 0x0000000081d00000, 0x0000000081d00000|100%| O|  |TAMS 0x0000000081d00000, 0x0000000081c00000| Updating 
|  29|0x0000000081d00000, 0x0000000081e00000, 0x0000000081e00000|100%| O|  |TAMS 0x0000000081e00000, 0x0000000081d00000| Updating 
|  30|0x0000000081e00000, 0x0000000081f00000, 0x0000000081f00000|100%| O|  |TAMS 0x0000000081f00000, 0x0000000081e00000| Updating 
|  31|0x0000000081f00000, 0x0000000082000000, 0x0000000082000000|100%| O|  |TAMS 0x0000000082000000, 0x0000000081f00000| Updating 
|  32|0x0000000082000000, 0x0000000082100000, 0x0000000082100000|100%|HS|  |TAMS 0x0000000082100000, 0x0000000082000000| Complete 
|  33|0x0000000082100000, 0x0000000082200000, 0x0000000082200000|100%|HC|  |TAMS 0x0000000082200000, 0x0000000082100000| Complete 
|  34|0x0000000082200000, 0x0000000082300000, 0x0000000082300000|100%|HC|  |TAMS 0x0000000082300000, 0x0000000082200000| Complete 
|  35|0x0000000082300000, 0x0000000082400000, 0x0000000082400000|100%|HC|  |TAMS 0x0000000082400000, 0x0000000082300000| Complete 
|  36|0x0000000082400000, 0x0000000082500000, 0x0000000082500000|100%|HS|  |TAMS 0x0000000082500000, 0x0000000082400000| Complete 
|  37|0x0000000082500000, 0x0000000082600000, 0x0000000082600000|100%|HC|  |TAMS 0x0000000082600000, 0x0000000082500000| Complete 
|  38|0x0000000082600000, 0x0000000082700000, 0x0000000082700000|100%|HC|  |TAMS 0x0000000082700000, 0x0000000082600000| Complete 
|  39|0x0000000082700000, 0x0000000082800000, 0x0000000082800000|100%| O|  |TAMS 0x0000000082800000, 0x0000000082700000| Updating 
|  40|0x0000000082800000, 0x0000000082900000, 0x0000000082900000|100%|HS|  |TAMS 0x0000000082900000, 0x0000000082800000| Complete 
|  41|0x0000000082900000, 0x0000000082a00000, 0x0000000082a00000|100%| O|  |TAMS 0x0000000082a00000, 0x0000000082900000| Updating 
|  42|0x0000000082a00000, 0x0000000082b00000, 0x0000000082b00000|100%| O|  |TAMS 0x0000000082b00000, 0x0000000082a00000| Updating 
|  43|0x0000000082b00000, 0x0000000082c00000, 0x0000000082c00000|100%| O|  |TAMS 0x0000000082c00000, 0x0000000082b00000| Updating 
|  44|0x0000000082c00000, 0x0000000082d00000, 0x0000000082d00000|100%| O|  |TAMS 0x0000000082d00000, 0x0000000082c00000| Updating 
|  45|0x0000000082d00000, 0x0000000082e00000, 0x0000000082e00000|100%| O|  |TAMS 0x0000000082e00000, 0x0000000082d00000| Updating 
|  46|0x0000000082e00000, 0x0000000082f00000, 0x0000000082f00000|100%| O|  |TAMS 0x0000000082f00000, 0x0000000082e00000| Updating 
|  47|0x0000000082f00000, 0x0000000083000000, 0x0000000083000000|100%|HS|  |TAMS 0x0000000083000000, 0x0000000082f00000| Complete 
|  48|0x0000000083000000, 0x0000000083100000, 0x0000000083100000|100%|HC|  |TAMS 0x0000000083100000, 0x0000000083000000| Complete 
|  49|0x0000000083100000, 0x0000000083200000, 0x0000000083200000|100%| O|  |TAMS 0x0000000083200000, 0x0000000083100000| Updating 
|  50|0x0000000083200000, 0x0000000083300000, 0x0000000083300000|100%| O|  |TAMS 0x0000000083300000, 0x0000000083200000| Updating 
|  51|0x0000000083300000, 0x0000000083400000, 0x0000000083400000|100%| O|  |TAMS 0x0000000083400000, 0x0000000083300000| Updating 
|  52|0x0000000083400000, 0x0000000083500000, 0x0000000083500000|100%| O|  |TAMS 0x0000000083500000, 0x0000000083400000| Updating 
|  53|0x0000000083500000, 0x0000000083600000, 0x0000000083600000|100%| O|  |TAMS 0x0000000083600000, 0x0000000083500000| Updating 
|  54|0x0000000083600000, 0x0000000083700000, 0x0000000083700000|100%| O|  |TAMS 0x0000000083700000, 0x0000000083600000| Updating 
|  55|0x0000000083700000, 0x0000000083800000, 0x0000000083800000|100%| O|  |TAMS 0x0000000083800000, 0x0000000083700000| Updating 
|  56|0x0000000083800000, 0x0000000083900000, 0x0000000083900000|100%| O|  |TAMS 0x0000000083900000, 0x0000000083800000| Updating 
|  57|0x0000000083900000, 0x0000000083a00000, 0x0000000083a00000|100%| O|  |TAMS 0x0000000083a00000, 0x0000000083900000| Updating 
|  58|0x0000000083a00000, 0x0000000083b00000, 0x0000000083b00000|100%| O|  |TAMS 0x0000000083b00000, 0x0000000083a00000| Updating 
|  59|0x0000000083b00000, 0x0000000083c00000, 0x0000000083c00000|100%| O|  |TAMS 0x0000000083c00000, 0x0000000083b00000| Updating 
|  60|0x0000000083c00000, 0x0000000083d00000, 0x0000000083d00000|100%| O|  |TAMS 0x0000000083d00000, 0x0000000083c00000| Updating 
|  61|0x0000000083d00000, 0x0000000083e00000, 0x0000000083e00000|100%| O|  |TAMS 0x0000000083e00000, 0x0000000083d00000| Updating 
|  62|0x0000000083e00000, 0x0000000083f00000, 0x0000000083f00000|100%| O|  |TAMS 0x0000000083f00000, 0x0000000083e00000| Updating 
|  63|0x0000000083f00000, 0x0000000084000000, 0x0000000084000000|100%| O|  |TAMS 0x0000000084000000, 0x0000000083f00000| Updating 
|  64|0x0000000084000000, 0x0000000084100000, 0x0000000084100000|100%| O|  |TAMS 0x0000000084100000, 0x0000000084000000| Updating 
|  65|0x0000000084100000, 0x0000000084200000, 0x0000000084200000|100%| O|  |TAMS 0x0000000084200000, 0x0000000084100000| Updating 
|  66|0x0000000084200000, 0x0000000084300000, 0x0000000084300000|100%| O|  |TAMS 0x0000000084300000, 0x0000000084200000| Updating 
|  67|0x0000000084300000, 0x0000000084400000, 0x0000000084400000|100%| O|  |TAMS 0x0000000084400000, 0x0000000084300000| Updating 
|  68|0x0000000084400000, 0x0000000084500000, 0x0000000084500000|100%| O|  |TAMS 0x0000000084500000, 0x0000000084400000| Updating 
|  69|0x0000000084500000, 0x0000000084600000, 0x0000000084600000|100%| O|  |TAMS 0x0000000084600000, 0x0000000084500000| Updating 
|  70|0x0000000084600000, 0x0000000084700000, 0x0000000084700000|100%| O|  |TAMS 0x0000000084700000, 0x0000000084600000| Updating 
|  71|0x0000000084700000, 0x0000000084800000, 0x0000000084800000|100%| O|  |TAMS 0x0000000084800000, 0x0000000084700000| Updating 
|  72|0x0000000084800000, 0x0000000084900000, 0x0000000084900000|100%|HS|  |TAMS 0x0000000084900000, 0x0000000084800000| Complete 
|  73|0x0000000084900000, 0x0000000084a00000, 0x0000000084a00000|100%| O|  |TAMS 0x0000000084a00000, 0x0000000084900000| Updating 
|  74|0x0000000084a00000, 0x0000000084b00000, 0x0000000084b00000|100%| O|  |TAMS 0x0000000084b00000, 0x0000000084a00000| Updating 
|  75|0x0000000084b00000, 0x0000000084c00000, 0x0000000084c00000|100%| O|  |TAMS 0x0000000084c00000, 0x0000000084b00000| Updating 
|  76|0x0000000084c00000, 0x0000000084d00000, 0x0000000084d00000|100%| O|  |TAMS 0x0000000084d00000, 0x0000000084c00000| Updating 
|  77|0x0000000084d00000, 0x0000000084e00000, 0x0000000084e00000|100%| O|  |TAMS 0x0000000084e00000, 0x0000000084d00000| Updating 
|  78|0x0000000084e00000, 0x0000000084f00000, 0x0000000084f00000|100%| O|  |TAMS 0x0000000084f00000, 0x0000000084e00000| Updating 
|  79|0x0000000084f00000, 0x0000000085000000, 0x0000000085000000|100%| O|  |TAMS 0x0000000085000000, 0x0000000084f00000| Updating 
|  80|0x0000000085000000, 0x0000000085100000, 0x0000000085100000|100%| O|  |TAMS 0x0000000085100000, 0x0000000085000000| Updating 
|  81|0x0000000085100000, 0x0000000085200000, 0x0000000085200000|100%| O|  |TAMS 0x0000000085200000, 0x0000000085100000| Updating 
|  82|0x0000000085200000, 0x0000000085300000, 0x0000000085300000|100%| O|  |TAMS 0x0000000085300000, 0x0000000085200000| Updating 
|  83|0x0000000085300000, 0x0000000085400000, 0x0000000085400000|100%| O|  |TAMS 0x0000000085400000, 0x0000000085300000| Updating 
|  84|0x0000000085400000, 0x0000000085500000, 0x0000000085500000|100%| O|  |TAMS 0x0000000085500000, 0x0000000085400000| Updating 
|  85|0x0000000085500000, 0x0000000085600000, 0x0000000085600000|100%| O|  |TAMS 0x0000000085600000, 0x0000000085500000| Updating 
|  86|0x0000000085600000, 0x0000000085700000, 0x0000000085700000|100%| O|  |TAMS 0x0000000085700000, 0x0000000085600000| Updating 
|  87|0x0000000085700000, 0x0000000085800000, 0x0000000085800000|100%| O|  |TAMS 0x0000000085800000, 0x0000000085700000| Updating 
|  88|0x0000000085800000, 0x0000000085900000, 0x0000000085900000|100%| O|  |TAMS 0x0000000085900000, 0x0000000085800000| Updating 
|  89|0x0000000085900000, 0x0000000085a00000, 0x0000000085a00000|100%| O|  |TAMS 0x0000000085a00000, 0x0000000085900000| Updating 
|  90|0x0000000085a00000, 0x0000000085b00000, 0x0000000085b00000|100%| O|  |TAMS 0x0000000085b00000, 0x0000000085a00000| Updating 
|  91|0x0000000085b00000, 0x0000000085c00000, 0x0000000085c00000|100%| O|  |TAMS 0x0000000085c00000, 0x0000000085b00000| Updating 
|  92|0x0000000085c00000, 0x0000000085d00000, 0x0000000085d00000|100%| O|  |TAMS 0x0000000085d00000, 0x0000000085c00000| Updating 
|  93|0x0000000085d00000, 0x0000000085e00000, 0x0000000085e00000|100%| O|  |TAMS 0x0000000085e00000, 0x0000000085d00000| Updating 
|  94|0x0000000085e00000, 0x0000000085f00000, 0x0000000085f00000|100%| O|  |TAMS 0x0000000085f00000, 0x0000000085e00000| Updating 
|  95|0x0000000085f00000, 0x0000000086000000, 0x0000000086000000|100%| O|  |TAMS 0x0000000086000000, 0x0000000085f00000| Updating 
|  96|0x0000000086000000, 0x0000000086100000, 0x0000000086100000|100%| O|  |TAMS 0x0000000086100000, 0x0000000086000000| Updating 
|  97|0x0000000086100000, 0x0000000086200000, 0x0000000086200000|100%| O|  |TAMS 0x0000000086200000, 0x0000000086100000| Updating 
|  98|0x0000000086200000, 0x0000000086300000, 0x0000000086300000|100%| O|  |TAMS 0x0000000086300000, 0x0000000086200000| Updating 
|  99|0x0000000086300000, 0x0000000086400000, 0x0000000086400000|100%|HS|  |TAMS 0x0000000086400000, 0x0000000086300000| Complete 
| 100|0x0000000086400000, 0x0000000086500000, 0x0000000086500000|100%|HC|  |TAMS 0x0000000086500000, 0x0000000086400000| Complete 
| 101|0x0000000086500000, 0x0000000086600000, 0x0000000086600000|100%|HS|  |TAMS 0x0000000086600000, 0x0000000086500000| Complete 
| 102|0x0000000086600000, 0x0000000086700000, 0x0000000086700000|100%| O|  |TAMS 0x0000000086700000, 0x0000000086600000| Updating 
| 103|0x0000000086700000, 0x0000000086800000, 0x0000000086800000|100%| O|  |TAMS 0x0000000086800000, 0x0000000086700000| Updating 
| 104|0x0000000086800000, 0x0000000086900000, 0x0000000086900000|100%| O|  |TAMS 0x0000000086800000, 0x0000000086800000| Untracked 
| 105|0x0000000086900000, 0x0000000086a00000, 0x0000000086a00000|100%| O|  |TAMS 0x0000000086900000, 0x0000000086900000| Untracked 
| 106|0x0000000086a00000, 0x0000000086b00000, 0x0000000086b00000|100%| O|  |TAMS 0x0000000086b00000, 0x0000000086a00000| Updating 
| 107|0x0000000086b00000, 0x0000000086c00000, 0x0000000086c00000|100%| O|  |TAMS 0x0000000086b00000, 0x0000000086b00000| Untracked 
| 108|0x0000000086c00000, 0x0000000086d00000, 0x0000000086d00000|100%| O|  |TAMS 0x0000000086d00000, 0x0000000086c00000| Updating 
| 109|0x0000000086d00000, 0x0000000086e00000, 0x0000000086e00000|100%| O|  |TAMS 0x0000000086d00000, 0x0000000086d00000| Untracked 
| 110|0x0000000086e00000, 0x0000000086f00000, 0x0000000086f00000|100%| O|  |TAMS 0x0000000086f00000, 0x0000000086e00000| Updating 
| 111|0x0000000086f00000, 0x0000000087000000, 0x0000000087000000|100%| O|  |TAMS 0x0000000087000000, 0x0000000086f00000| Updating 
| 112|0x0000000087000000, 0x0000000087100000, 0x0000000087100000|100%| O|  |TAMS 0x0000000087100000, 0x0000000087000000| Updating 
| 113|0x0000000087100000, 0x0000000087200000, 0x0000000087200000|100%| O|  |TAMS 0x0000000087200000, 0x0000000087100000| Updating 
| 114|0x0000000087200000, 0x0000000087300000, 0x0000000087300000|100%| O|  |TAMS 0x0000000087300000, 0x0000000087200000| Updating 
| 115|0x0000000087300000, 0x0000000087400000, 0x0000000087400000|100%| O|  |TAMS 0x0000000087400000, 0x0000000087300000| Updating 
| 116|0x0000000087400000, 0x0000000087500000, 0x0000000087500000|100%| O|  |TAMS 0x0000000087500000, 0x0000000087400000| Updating 
| 117|0x0000000087500000, 0x0000000087600000, 0x0000000087600000|100%| O|  |TAMS 0x0000000087600000, 0x0000000087500000| Updating 
| 118|0x0000000087600000, 0x0000000087700000, 0x0000000087700000|100%| O|  |TAMS 0x0000000087700000, 0x0000000087600000| Updating 
| 119|0x0000000087700000, 0x0000000087800000, 0x0000000087800000|100%| O|  |TAMS 0x0000000087800000, 0x0000000087700000| Updating 
| 120|0x0000000087800000, 0x0000000087900000, 0x0000000087900000|100%| O|  |TAMS 0x0000000087900000, 0x0000000087800000| Updating 
| 121|0x0000000087900000, 0x0000000087a00000, 0x0000000087a00000|100%| O|  |TAMS 0x0000000087a00000, 0x0000000087900000| Updating 
| 122|0x0000000087a00000, 0x0000000087b00000, 0x0000000087b00000|100%| O|  |TAMS 0x0000000087b00000, 0x0000000087a00000| Updating 
| 123|0x0000000087b00000, 0x0000000087c00000, 0x0000000087c00000|100%| O|  |TAMS 0x0000000087c00000, 0x0000000087b00000| Updating 
| 124|0x0000000087c00000, 0x0000000087d00000, 0x0000000087d00000|100%| O|  |TAMS 0x0000000087d00000, 0x0000000087c00000| Updating 
| 125|0x0000000087d00000, 0x0000000087e00000, 0x0000000087e00000|100%| O|  |TAMS 0x0000000087e00000, 0x0000000087d00000| Updating 
| 126|0x0000000087e00000, 0x0000000087f00000, 0x0000000087f00000|100%| O|  |TAMS 0x0000000087f00000, 0x0000000087e00000| Updating 
| 127|0x0000000087f00000, 0x0000000088000000, 0x0000000088000000|100%| O|  |TAMS 0x0000000088000000, 0x0000000087f00000| Updating 
| 128|0x0000000088000000, 0x0000000088100000, 0x0000000088100000|100%| O|  |TAMS 0x0000000088100000, 0x0000000088000000| Updating 
| 129|0x0000000088100000, 0x0000000088200000, 0x0000000088200000|100%| O|  |TAMS 0x0000000088200000, 0x0000000088100000| Updating 
| 130|0x0000000088200000, 0x0000000088300000, 0x0000000088300000|100%| O|  |TAMS 0x0000000088300000, 0x0000000088200000| Updating 
| 131|0x0000000088300000, 0x0000000088400000, 0x0000000088400000|100%| O|  |TAMS 0x0000000088400000, 0x0000000088300000| Updating 
| 132|0x0000000088400000, 0x0000000088500000, 0x0000000088500000|100%| O|  |TAMS 0x0000000088500000, 0x0000000088400000| Updating 
| 133|0x0000000088500000, 0x0000000088600000, 0x0000000088600000|100%| O|  |TAMS 0x0000000088600000, 0x0000000088500000| Updating 
| 134|0x0000000088600000, 0x0000000088700000, 0x0000000088700000|100%| O|  |TAMS 0x0000000088700000, 0x0000000088600000| Updating 
| 135|0x0000000088700000, 0x0000000088800000, 0x0000000088800000|100%| O|  |TAMS 0x0000000088800000, 0x0000000088700000| Updating 
| 136|0x0000000088800000, 0x0000000088900000, 0x0000000088900000|100%| O|  |TAMS 0x0000000088900000, 0x0000000088800000| Updating 
| 137|0x0000000088900000, 0x0000000088a00000, 0x0000000088a00000|100%| O|  |TAMS 0x0000000088a00000, 0x0000000088900000| Updating 
| 138|0x0000000088a00000, 0x0000000088b00000, 0x0000000088b00000|100%| O|  |TAMS 0x0000000088b00000, 0x0000000088a00000| Updating 
| 139|0x0000000088b00000, 0x0000000088c00000, 0x0000000088c00000|100%| O|  |TAMS 0x0000000088c00000, 0x0000000088b00000| Updating 
| 140|0x0000000088c00000, 0x0000000088d00000, 0x0000000088d00000|100%| O|  |TAMS 0x0000000088d00000, 0x0000000088c00000| Updating 
| 141|0x0000000088d00000, 0x0000000088e00000, 0x0000000088e00000|100%| O|  |TAMS 0x0000000088e00000, 0x0000000088d00000| Updating 
| 142|0x0000000088e00000, 0x0000000088f00000, 0x0000000088f00000|100%| O|  |TAMS 0x0000000088f00000, 0x0000000088e00000| Updating 
| 143|0x0000000088f00000, 0x0000000089000000, 0x0000000089000000|100%| O|  |TAMS 0x0000000089000000, 0x0000000088f00000| Updating 
| 144|0x0000000089000000, 0x0000000089000000, 0x0000000089100000|  0%| F|  |TAMS 0x0000000089000000, 0x0000000089000000| Untracked 
| 145|0x0000000089100000, 0x0000000089100000, 0x0000000089200000|  0%| F|  |TAMS 0x0000000089100000, 0x0000000089100000| Untracked 
| 146|0x0000000089200000, 0x0000000089200000, 0x0000000089300000|  0%| F|  |TAMS 0x0000000089200000, 0x0000000089200000| Untracked 
| 147|0x0000000089300000, 0x0000000089300000, 0x0000000089400000|  0%| F|  |TAMS 0x0000000089300000, 0x0000000089300000| Untracked 
| 148|0x0000000089400000, 0x0000000089400000, 0x0000000089500000|  0%| F|  |TAMS 0x0000000089400000, 0x0000000089400000| Untracked 
| 149|0x0000000089500000, 0x0000000089500000, 0x0000000089600000|  0%| F|  |TAMS 0x0000000089500000, 0x0000000089500000| Untracked 
| 150|0x0000000089600000, 0x0000000089600000, 0x0000000089700000|  0%| F|  |TAMS 0x0000000089600000, 0x0000000089600000| Untracked 
| 151|0x0000000089700000, 0x0000000089700000, 0x0000000089800000|  0%| F|  |TAMS 0x0000000089700000, 0x0000000089700000| Untracked 
| 152|0x0000000089800000, 0x0000000089800000, 0x0000000089900000|  0%| F|  |TAMS 0x0000000089800000, 0x0000000089800000| Untracked 
| 153|0x0000000089900000, 0x0000000089900000, 0x0000000089a00000|  0%| F|  |TAMS 0x0000000089900000, 0x0000000089900000| Untracked 
| 154|0x0000000089a00000, 0x0000000089a00000, 0x0000000089b00000|  0%| F|  |TAMS 0x0000000089a00000, 0x0000000089a00000| Untracked 
| 155|0x0000000089b00000, 0x0000000089b00000, 0x0000000089c00000|  0%| F|  |TAMS 0x0000000089b00000, 0x0000000089b00000| Untracked 
| 156|0x0000000089c00000, 0x0000000089c00000, 0x0000000089d00000|  0%| F|  |TAMS 0x0000000089c00000, 0x0000000089c00000| Untracked 
| 157|0x0000000089d00000, 0x0000000089d00000, 0x0000000089e00000|  0%| F|  |TAMS 0x0000000089d00000, 0x0000000089d00000| Untracked 
| 158|0x0000000089e00000, 0x0000000089e00000, 0x0000000089f00000|  0%| F|  |TAMS 0x0000000089e00000, 0x0000000089e00000| Untracked 
| 159|0x0000000089f00000, 0x0000000089f00000, 0x000000008a000000|  0%| F|  |TAMS 0x0000000089f00000, 0x0000000089f00000| Untracked 
| 160|0x000000008a000000, 0x000000008a000000, 0x000000008a100000|  0%| F|  |TAMS 0x000000008a000000, 0x000000008a000000| Untracked 
| 161|0x000000008a100000, 0x000000008a100000, 0x000000008a200000|  0%| F|  |TAMS 0x000000008a100000, 0x000000008a100000| Untracked 
| 162|0x000000008a200000, 0x000000008a200000, 0x000000008a300000|  0%| F|  |TAMS 0x000000008a200000, 0x000000008a200000| Untracked 
| 163|0x000000008a300000, 0x000000008a300000, 0x000000008a400000|  0%| F|  |TAMS 0x000000008a300000, 0x000000008a300000| Untracked 
| 164|0x000000008a400000, 0x000000008a400000, 0x000000008a500000|  0%| F|  |TAMS 0x000000008a400000, 0x000000008a400000| Untracked 
| 165|0x000000008a500000, 0x000000008a500000, 0x000000008a600000|  0%| F|  |TAMS 0x000000008a500000, 0x000000008a500000| Untracked 
| 166|0x000000008a600000, 0x000000008a600000, 0x000000008a700000|  0%| F|  |TAMS 0x000000008a600000, 0x000000008a600000| Untracked 
| 167|0x000000008a700000, 0x000000008a700000, 0x000000008a800000|  0%| F|  |TAMS 0x000000008a700000, 0x000000008a700000| Untracked 
| 168|0x000000008a800000, 0x000000008a800000, 0x000000008a900000|  0%| F|  |TAMS 0x000000008a800000, 0x000000008a800000| Untracked 
| 169|0x000000008a900000, 0x000000008a900000, 0x000000008aa00000|  0%| F|  |TAMS 0x000000008a900000, 0x000000008a900000| Untracked 
| 170|0x000000008aa00000, 0x000000008aa00000, 0x000000008ab00000|  0%| F|  |TAMS 0x000000008aa00000, 0x000000008aa00000| Untracked 
| 171|0x000000008ab00000, 0x000000008ab00000, 0x000000008ac00000|  0%| F|  |TAMS 0x000000008ab00000, 0x000000008ab00000| Untracked 
| 172|0x000000008ac00000, 0x000000008ac00000, 0x000000008ad00000|  0%| F|  |TAMS 0x000000008ac00000, 0x000000008ac00000| Untracked 
| 173|0x000000008ad00000, 0x000000008ad00000, 0x000000008ae00000|  0%| F|  |TAMS 0x000000008ad00000, 0x000000008ad00000| Untracked 
| 174|0x000000008ae00000, 0x000000008ae00000, 0x000000008af00000|  0%| F|  |TAMS 0x000000008ae00000, 0x000000008ae00000| Untracked 
| 175|0x000000008af00000, 0x000000008af00000, 0x000000008b000000|  0%| F|  |TAMS 0x000000008af00000, 0x000000008af00000| Untracked 
| 176|0x000000008b000000, 0x000000008b000000, 0x000000008b100000|  0%| F|  |TAMS 0x000000008b000000, 0x000000008b000000| Untracked 
| 177|0x000000008b100000, 0x000000008b100000, 0x000000008b200000|  0%| F|  |TAMS 0x000000008b100000, 0x000000008b100000| Untracked 
| 178|0x000000008b200000, 0x000000008b200000, 0x000000008b300000|  0%| F|  |TAMS 0x000000008b200000, 0x000000008b200000| Untracked 
| 179|0x000000008b300000, 0x000000008b300000, 0x000000008b400000|  0%| F|  |TAMS 0x000000008b300000, 0x000000008b300000| Untracked 
| 180|0x000000008b400000, 0x000000008b400000, 0x000000008b500000|  0%| F|  |TAMS 0x000000008b400000, 0x000000008b400000| Untracked 
| 181|0x000000008b500000, 0x000000008b500000, 0x000000008b600000|  0%| F|  |TAMS 0x000000008b500000, 0x000000008b500000| Untracked 
| 182|0x000000008b600000, 0x000000008b600000, 0x000000008b700000|  0%| F|  |TAMS 0x000000008b600000, 0x000000008b600000| Untracked 
| 183|0x000000008b700000, 0x000000008b700000, 0x000000008b800000|  0%| F|  |TAMS 0x000000008b700000, 0x000000008b700000| Untracked 
| 184|0x000000008b800000, 0x000000008b800000, 0x000000008b900000|  0%| F|  |TAMS 0x000000008b800000, 0x000000008b800000| Untracked 
| 185|0x000000008b900000, 0x000000008b900000, 0x000000008ba00000|  0%| F|  |TAMS 0x000000008b900000, 0x000000008b900000| Untracked 
| 186|0x000000008ba00000, 0x000000008ba00000, 0x000000008bb00000|  0%| F|  |TAMS 0x000000008ba00000, 0x000000008ba00000| Untracked 
| 187|0x000000008bb00000, 0x000000008bb00000, 0x000000008bc00000|  0%| F|  |TAMS 0x000000008bb00000, 0x000000008bb00000| Untracked 
| 188|0x000000008bc00000, 0x000000008bc00000, 0x000000008bd00000|  0%| F|  |TAMS 0x000000008bc00000, 0x000000008bc00000| Untracked 
| 189|0x000000008bd00000, 0x000000008bd00000, 0x000000008be00000|  0%| F|  |TAMS 0x000000008bd00000, 0x000000008bd00000| Untracked 
| 190|0x000000008be00000, 0x000000008be00000, 0x000000008bf00000|  0%| F|  |TAMS 0x000000008be00000, 0x000000008be00000| Untracked 
| 191|0x000000008bf00000, 0x000000008bf00000, 0x000000008c000000|  0%| F|  |TAMS 0x000000008bf00000, 0x000000008bf00000| Untracked 
| 192|0x000000008c000000, 0x000000008c000000, 0x000000008c100000|  0%| F|  |TAMS 0x000000008c000000, 0x000000008c000000| Untracked 
| 193|0x000000008c100000, 0x000000008c100000, 0x000000008c200000|  0%| F|  |TAMS 0x000000008c100000, 0x000000008c100000| Untracked 
| 194|0x000000008c200000, 0x000000008c200000, 0x000000008c300000|  0%| F|  |TAMS 0x000000008c200000, 0x000000008c200000| Untracked 
| 195|0x000000008c300000, 0x000000008c300000, 0x000000008c400000|  0%| F|  |TAMS 0x000000008c300000, 0x000000008c300000| Untracked 
| 196|0x000000008c400000, 0x000000008c400000, 0x000000008c500000|  0%| F|  |TAMS 0x000000008c400000, 0x000000008c400000| Untracked 
| 197|0x000000008c500000, 0x000000008c500000, 0x000000008c600000|  0%| F|  |TAMS 0x000000008c500000, 0x000000008c500000| Untracked 
| 198|0x000000008c600000, 0x000000008c600000, 0x000000008c700000|  0%| F|  |TAMS 0x000000008c600000, 0x000000008c600000| Untracked 
| 199|0x000000008c700000, 0x000000008c700000, 0x000000008c800000|  0%| F|  |TAMS 0x000000008c700000, 0x000000008c700000| Untracked 
| 200|0x000000008c800000, 0x000000008c800000, 0x000000008c900000|  0%| F|  |TAMS 0x000000008c800000, 0x000000008c800000| Untracked 
| 201|0x000000008c900000, 0x000000008c900000, 0x000000008ca00000|  0%| F|  |TAMS 0x000000008c900000, 0x000000008c900000| Untracked 
| 202|0x000000008ca00000, 0x000000008ca00000, 0x000000008cb00000|  0%| F|  |TAMS 0x000000008ca00000, 0x000000008ca00000| Untracked 
| 203|0x000000008cb00000, 0x000000008cb00000, 0x000000008cc00000|  0%| F|  |TAMS 0x000000008cb00000, 0x000000008cb00000| Untracked 
| 204|0x000000008cc00000, 0x000000008cc00000, 0x000000008cd00000|  0%| F|  |TAMS 0x000000008cc00000, 0x000000008cc00000| Untracked 
| 205|0x000000008cd00000, 0x000000008cd00000, 0x000000008ce00000|  0%| F|  |TAMS 0x000000008cd00000, 0x000000008cd00000| Untracked 
| 206|0x000000008ce00000, 0x000000008ce00000, 0x000000008cf00000|  0%| F|  |TAMS 0x000000008ce00000, 0x000000008ce00000| Untracked 
| 207|0x000000008cf00000, 0x000000008cf00000, 0x000000008d000000|  0%| F|  |TAMS 0x000000008cf00000, 0x000000008cf00000| Untracked 
| 208|0x000000008d000000, 0x000000008d000000, 0x000000008d100000|  0%| F|  |TAMS 0x000000008d000000, 0x000000008d000000| Untracked 
| 209|0x000000008d100000, 0x000000008d100000, 0x000000008d200000|  0%| F|  |TAMS 0x000000008d100000, 0x000000008d100000| Untracked 
| 210|0x000000008d200000, 0x000000008d200000, 0x000000008d300000|  0%| F|  |TAMS 0x000000008d200000, 0x000000008d200000| Untracked 
| 211|0x000000008d300000, 0x000000008d300000, 0x000000008d400000|  0%| F|  |TAMS 0x000000008d300000, 0x000000008d300000| Untracked 
| 212|0x000000008d400000, 0x000000008d400000, 0x000000008d500000|  0%| F|  |TAMS 0x000000008d400000, 0x000000008d400000| Untracked 
| 213|0x000000008d500000, 0x000000008d500000, 0x000000008d600000|  0%| F|  |TAMS 0x000000008d500000, 0x000000008d500000| Untracked 
| 214|0x000000008d600000, 0x000000008d600000, 0x000000008d700000|  0%| F|  |TAMS 0x000000008d600000, 0x000000008d600000| Untracked 
| 215|0x000000008d700000, 0x000000008d700000, 0x000000008d800000|  0%| F|  |TAMS 0x000000008d700000, 0x000000008d700000| Untracked 
| 216|0x000000008d800000, 0x000000008d800000, 0x000000008d900000|  0%| F|  |TAMS 0x000000008d800000, 0x000000008d800000| Untracked 
| 217|0x000000008d900000, 0x000000008d900000, 0x000000008da00000|  0%| F|  |TAMS 0x000000008d900000, 0x000000008d900000| Untracked 
| 218|0x000000008da00000, 0x000000008da00000, 0x000000008db00000|  0%| F|  |TAMS 0x000000008da00000, 0x000000008da00000| Untracked 
| 219|0x000000008db00000, 0x000000008db00000, 0x000000008dc00000|  0%| F|  |TAMS 0x000000008db00000, 0x000000008db00000| Untracked 
| 220|0x000000008dc00000, 0x000000008dc00000, 0x000000008dd00000|  0%| F|  |TAMS 0x000000008dc00000, 0x000000008dc00000| Untracked 
| 221|0x000000008dd00000, 0x000000008dd00000, 0x000000008de00000|  0%| F|  |TAMS 0x000000008dd00000, 0x000000008dd00000| Untracked 
| 222|0x000000008de00000, 0x000000008de00000, 0x000000008df00000|  0%| F|  |TAMS 0x000000008de00000, 0x000000008de00000| Untracked 
| 223|0x000000008df00000, 0x000000008df00000, 0x000000008e000000|  0%| F|  |TAMS 0x000000008df00000, 0x000000008df00000| Untracked 
| 224|0x000000008e000000, 0x000000008e000000, 0x000000008e100000|  0%| F|  |TAMS 0x000000008e000000, 0x000000008e000000| Untracked 
| 225|0x000000008e100000, 0x000000008e100000, 0x000000008e200000|  0%| F|  |TAMS 0x000000008e100000, 0x000000008e100000| Untracked 
| 226|0x000000008e200000, 0x000000008e200000, 0x000000008e300000|  0%| F|  |TAMS 0x000000008e200000, 0x000000008e200000| Untracked 
| 227|0x000000008e300000, 0x000000008e300000, 0x000000008e400000|  0%| F|  |TAMS 0x000000008e300000, 0x000000008e300000| Untracked 
| 228|0x000000008e400000, 0x000000008e400000, 0x000000008e500000|  0%| F|  |TAMS 0x000000008e400000, 0x000000008e400000| Untracked 
| 229|0x000000008e500000, 0x000000008e500000, 0x000000008e600000|  0%| F|  |TAMS 0x000000008e500000, 0x000000008e500000| Untracked 
| 230|0x000000008e600000, 0x000000008e600000, 0x000000008e700000|  0%| F|  |TAMS 0x000000008e600000, 0x000000008e600000| Untracked 
| 231|0x000000008e700000, 0x000000008e700000, 0x000000008e800000|  0%| F|  |TAMS 0x000000008e700000, 0x000000008e700000| Untracked 
| 232|0x000000008e800000, 0x000000008e800000, 0x000000008e900000|  0%| F|  |TAMS 0x000000008e800000, 0x000000008e800000| Untracked 
| 233|0x000000008e900000, 0x000000008e900000, 0x000000008ea00000|  0%| F|  |TAMS 0x000000008e900000, 0x000000008e900000| Untracked 
| 234|0x000000008ea00000, 0x000000008ea00000, 0x000000008eb00000|  0%| F|  |TAMS 0x000000008ea00000, 0x000000008ea00000| Untracked 
| 235|0x000000008eb00000, 0x000000008eb00000, 0x000000008ec00000|  0%| F|  |TAMS 0x000000008eb00000, 0x000000008eb00000| Untracked 
| 236|0x000000008ec00000, 0x000000008ec00000, 0x000000008ed00000|  0%| F|  |TAMS 0x000000008ec00000, 0x000000008ec00000| Untracked 
| 237|0x000000008ed00000, 0x000000008ed00000, 0x000000008ee00000|  0%| F|  |TAMS 0x000000008ed00000, 0x000000008ed00000| Untracked 
| 238|0x000000008ee00000, 0x000000008ee00000, 0x000000008ef00000|  0%| F|  |TAMS 0x000000008ee00000, 0x000000008ee00000| Untracked 
| 239|0x000000008ef00000, 0x000000008ef00000, 0x000000008f000000|  0%| F|  |TAMS 0x000000008ef00000, 0x000000008ef00000| Untracked 
| 240|0x000000008f000000, 0x000000008f000000, 0x000000008f100000|  0%| F|  |TAMS 0x000000008f000000, 0x000000008f000000| Untracked 
| 241|0x000000008f100000, 0x000000008f100000, 0x000000008f200000|  0%| F|  |TAMS 0x000000008f100000, 0x000000008f100000| Untracked 
| 242|0x000000008f200000, 0x000000008f200000, 0x000000008f300000|  0%| F|  |TAMS 0x000000008f200000, 0x000000008f200000| Untracked 
| 243|0x000000008f300000, 0x000000008f300000, 0x000000008f400000|  0%| F|  |TAMS 0x000000008f300000, 0x000000008f300000| Untracked 
| 244|0x000000008f400000, 0x000000008f400000, 0x000000008f500000|  0%| F|  |TAMS 0x000000008f400000, 0x000000008f400000| Untracked 
| 245|0x000000008f500000, 0x000000008f500000, 0x000000008f600000|  0%| F|  |TAMS 0x000000008f500000, 0x000000008f500000| Untracked 
| 246|0x000000008f600000, 0x000000008f600000, 0x000000008f700000|  0%| F|  |TAMS 0x000000008f600000, 0x000000008f600000| Untracked 
| 247|0x000000008f700000, 0x000000008f700000, 0x000000008f800000|  0%| F|  |TAMS 0x000000008f700000, 0x000000008f700000| Untracked 
| 248|0x000000008f800000, 0x000000008f800000, 0x000000008f900000|  0%| F|  |TAMS 0x000000008f800000, 0x000000008f800000| Untracked 
| 249|0x000000008f900000, 0x000000008f900000, 0x000000008fa00000|  0%| F|  |TAMS 0x000000008f900000, 0x000000008f900000| Untracked 
| 250|0x000000008fa00000, 0x000000008fa00000, 0x000000008fb00000|  0%| F|  |TAMS 0x000000008fa00000, 0x000000008fa00000| Untracked 
| 251|0x000000008fb00000, 0x000000008fb00000, 0x000000008fc00000|  0%| F|  |TAMS 0x000000008fb00000, 0x000000008fb00000| Untracked 
| 252|0x000000008fc00000, 0x000000008fc00000, 0x000000008fd00000|  0%| F|  |TAMS 0x000000008fc00000, 0x000000008fc00000| Untracked 
| 253|0x000000008fd00000, 0x000000008fd00000, 0x000000008fe00000|  0%| F|  |TAMS 0x000000008fd00000, 0x000000008fd00000| Untracked 
| 254|0x000000008fe00000, 0x000000008fe00000, 0x000000008ff00000|  0%| F|  |TAMS 0x000000008fe00000, 0x000000008fe00000| Untracked 
| 255|0x000000008ff00000, 0x000000008ff00000, 0x0000000090000000|  0%| F|  |TAMS 0x000000008ff00000, 0x000000008ff00000| Untracked 
| 256|0x0000000090000000, 0x0000000090000000, 0x0000000090100000|  0%| F|  |TAMS 0x0000000090000000, 0x0000000090000000| Untracked 
| 257|0x0000000090100000, 0x0000000090100000, 0x0000000090200000|  0%| F|  |TAMS 0x0000000090100000, 0x0000000090100000| Untracked 
| 258|0x0000000090200000, 0x0000000090200000, 0x0000000090300000|  0%| F|  |TAMS 0x0000000090200000, 0x0000000090200000| Untracked 
| 259|0x0000000090300000, 0x0000000090300000, 0x0000000090400000|  0%| F|  |TAMS 0x0000000090300000, 0x0000000090300000| Untracked 
| 260|0x0000000090400000, 0x0000000090400000, 0x0000000090500000|  0%| F|  |TAMS 0x0000000090400000, 0x0000000090400000| Untracked 
| 261|0x0000000090500000, 0x0000000090500000, 0x0000000090600000|  0%| F|  |TAMS 0x0000000090500000, 0x0000000090500000| Untracked 
| 262|0x0000000090600000, 0x0000000090600000, 0x0000000090700000|  0%| F|  |TAMS 0x0000000090600000, 0x0000000090600000| Untracked 
| 263|0x0000000090700000, 0x0000000090700000, 0x0000000090800000|  0%| F|  |TAMS 0x0000000090700000, 0x0000000090700000| Untracked 
| 264|0x0000000090800000, 0x0000000090800000, 0x0000000090900000|  0%| F|  |TAMS 0x0000000090800000, 0x0000000090800000| Untracked 
| 265|0x0000000090900000, 0x0000000090900000, 0x0000000090a00000|  0%| F|  |TAMS 0x0000000090900000, 0x0000000090900000| Untracked 
| 266|0x0000000090a00000, 0x0000000090a00000, 0x0000000090b00000|  0%| F|  |TAMS 0x0000000090a00000, 0x0000000090a00000| Untracked 
| 267|0x0000000090b00000, 0x0000000090b00000, 0x0000000090c00000|  0%| F|  |TAMS 0x0000000090b00000, 0x0000000090b00000| Untracked 
| 268|0x0000000090c00000, 0x0000000090c00000, 0x0000000090d00000|  0%| F|  |TAMS 0x0000000090c00000, 0x0000000090c00000| Untracked 
| 269|0x0000000090d00000, 0x0000000090d00000, 0x0000000090e00000|  0%| F|  |TAMS 0x0000000090d00000, 0x0000000090d00000| Untracked 
| 270|0x0000000090e00000, 0x0000000090e00000, 0x0000000090f00000|  0%| F|  |TAMS 0x0000000090e00000, 0x0000000090e00000| Untracked 
| 271|0x0000000090f00000, 0x0000000090f00000, 0x0000000091000000|  0%| F|  |TAMS 0x0000000090f00000, 0x0000000090f00000| Untracked 
| 272|0x0000000091000000, 0x0000000091000000, 0x0000000091100000|  0%| F|  |TAMS 0x0000000091000000, 0x0000000091000000| Untracked 
| 273|0x0000000091100000, 0x0000000091100000, 0x0000000091200000|  0%| F|  |TAMS 0x0000000091100000, 0x0000000091100000| Untracked 
| 274|0x0000000091200000, 0x0000000091200000, 0x0000000091300000|  0%| F|  |TAMS 0x0000000091200000, 0x0000000091200000| Untracked 
| 275|0x0000000091300000, 0x0000000091300000, 0x0000000091400000|  0%| F|  |TAMS 0x0000000091300000, 0x0000000091300000| Untracked 
| 276|0x0000000091400000, 0x0000000091400000, 0x0000000091500000|  0%| F|  |TAMS 0x0000000091400000, 0x0000000091400000| Untracked 
| 277|0x0000000091500000, 0x0000000091500000, 0x0000000091600000|  0%| F|  |TAMS 0x0000000091500000, 0x0000000091500000| Untracked 
| 278|0x0000000091600000, 0x0000000091600000, 0x0000000091700000|  0%| F|  |TAMS 0x0000000091600000, 0x0000000091600000| Untracked 
| 279|0x0000000091700000, 0x0000000091700000, 0x0000000091800000|  0%| F|  |TAMS 0x0000000091700000, 0x0000000091700000| Untracked 
| 280|0x0000000091800000, 0x0000000091800000, 0x0000000091900000|  0%| F|  |TAMS 0x0000000091800000, 0x0000000091800000| Untracked 
| 281|0x0000000091900000, 0x0000000091900000, 0x0000000091a00000|  0%| F|  |TAMS 0x0000000091900000, 0x0000000091900000| Untracked 
| 282|0x0000000091a00000, 0x0000000091a00000, 0x0000000091b00000|  0%| F|  |TAMS 0x0000000091a00000, 0x0000000091a00000| Untracked 
| 283|0x0000000091b00000, 0x0000000091b00000, 0x0000000091c00000|  0%| F|  |TAMS 0x0000000091b00000, 0x0000000091b00000| Untracked 
| 284|0x0000000091c00000, 0x0000000091c00000, 0x0000000091d00000|  0%| F|  |TAMS 0x0000000091c00000, 0x0000000091c00000| Untracked 
| 285|0x0000000091d00000, 0x0000000091d00000, 0x0000000091e00000|  0%| F|  |TAMS 0x0000000091d00000, 0x0000000091d00000| Untracked 
| 286|0x0000000091e00000, 0x0000000091e00000, 0x0000000091f00000|  0%| F|  |TAMS 0x0000000091e00000, 0x0000000091e00000| Untracked 
| 287|0x0000000091f00000, 0x0000000091f00000, 0x0000000092000000|  0%| F|  |TAMS 0x0000000091f00000, 0x0000000091f00000| Untracked 
| 288|0x0000000092000000, 0x0000000092000000, 0x0000000092100000|  0%| F|  |TAMS 0x0000000092000000, 0x0000000092000000| Untracked 
| 289|0x0000000092100000, 0x0000000092100000, 0x0000000092200000|  0%| F|  |TAMS 0x0000000092100000, 0x0000000092100000| Untracked 
| 290|0x0000000092200000, 0x0000000092200000, 0x0000000092300000|  0%| F|  |TAMS 0x0000000092200000, 0x0000000092200000| Untracked 
| 291|0x0000000092300000, 0x0000000092300000, 0x0000000092400000|  0%| F|  |TAMS 0x0000000092300000, 0x0000000092300000| Untracked 
| 292|0x0000000092400000, 0x0000000092400000, 0x0000000092500000|  0%| F|  |TAMS 0x0000000092400000, 0x0000000092400000| Untracked 
| 293|0x0000000092500000, 0x0000000092500000, 0x0000000092600000|  0%| F|  |TAMS 0x0000000092500000, 0x0000000092500000| Untracked 
| 294|0x0000000092600000, 0x0000000092600000, 0x0000000092700000|  0%| F|  |TAMS 0x0000000092600000, 0x0000000092600000| Untracked 
| 295|0x0000000092700000, 0x0000000092700000, 0x0000000092800000|  0%| F|  |TAMS 0x0000000092700000, 0x0000000092700000| Untracked 
| 296|0x0000000092800000, 0x0000000092800000, 0x0000000092900000|  0%| F|  |TAMS 0x0000000092800000, 0x0000000092800000| Untracked 
| 297|0x0000000092900000, 0x0000000092900000, 0x0000000092a00000|  0%| F|  |TAMS 0x0000000092900000, 0x0000000092900000| Untracked 
| 298|0x0000000092a00000, 0x0000000092a00000, 0x0000000092b00000|  0%| F|  |TAMS 0x0000000092a00000, 0x0000000092a00000| Untracked 
| 299|0x0000000092b00000, 0x0000000092b00000, 0x0000000092c00000|  0%| F|  |TAMS 0x0000000092b00000, 0x0000000092b00000| Untracked 
| 300|0x0000000092c00000, 0x0000000092c00000, 0x0000000092d00000|  0%| F|  |TAMS 0x0000000092c00000, 0x0000000092c00000| Untracked 
| 301|0x0000000092d00000, 0x0000000092d00000, 0x0000000092e00000|  0%| F|  |TAMS 0x0000000092d00000, 0x0000000092d00000| Untracked 
| 302|0x0000000092e00000, 0x0000000092e00000, 0x0000000092f00000|  0%| F|  |TAMS 0x0000000092e00000, 0x0000000092e00000| Untracked 
| 303|0x0000000092f00000, 0x0000000092f00000, 0x0000000093000000|  0%| F|  |TAMS 0x0000000092f00000, 0x0000000092f00000| Untracked 
| 304|0x0000000093000000, 0x0000000093000000, 0x0000000093100000|  0%| F|  |TAMS 0x0000000093000000, 0x0000000093000000| Untracked 
| 305|0x0000000093100000, 0x0000000093100000, 0x0000000093200000|  0%| F|  |TAMS 0x0000000093100000, 0x0000000093100000| Untracked 
| 306|0x0000000093200000, 0x0000000093200000, 0x0000000093300000|  0%| F|  |TAMS 0x0000000093200000, 0x0000000093200000| Untracked 
| 307|0x0000000093300000, 0x0000000093300000, 0x0000000093400000|  0%| F|  |TAMS 0x0000000093300000, 0x0000000093300000| Untracked 
| 308|0x0000000093400000, 0x0000000093400000, 0x0000000093500000|  0%| F|  |TAMS 0x0000000093400000, 0x0000000093400000| Untracked 
| 309|0x0000000093500000, 0x0000000093500000, 0x0000000093600000|  0%| F|  |TAMS 0x0000000093500000, 0x0000000093500000| Untracked 
| 310|0x0000000093600000, 0x0000000093600000, 0x0000000093700000|  0%| F|  |TAMS 0x0000000093600000, 0x0000000093600000| Untracked 
| 311|0x0000000093700000, 0x0000000093700000, 0x0000000093800000|  0%| F|  |TAMS 0x0000000093700000, 0x0000000093700000| Untracked 
| 312|0x0000000093800000, 0x0000000093800000, 0x0000000093900000|  0%| F|  |TAMS 0x0000000093800000, 0x0000000093800000| Untracked 
| 313|0x0000000093900000, 0x0000000093900000, 0x0000000093a00000|  0%| F|  |TAMS 0x0000000093900000, 0x0000000093900000| Untracked 
| 314|0x0000000093a00000, 0x0000000093a00000, 0x0000000093b00000|  0%| F|  |TAMS 0x0000000093a00000, 0x0000000093a00000| Untracked 
| 315|0x0000000093b00000, 0x0000000093b00000, 0x0000000093c00000|  0%| F|  |TAMS 0x0000000093b00000, 0x0000000093b00000| Untracked 
| 316|0x0000000093c00000, 0x0000000093c00000, 0x0000000093d00000|  0%| F|  |TAMS 0x0000000093c00000, 0x0000000093c00000| Untracked 
| 317|0x0000000093d00000, 0x0000000093d00000, 0x0000000093e00000|  0%| F|  |TAMS 0x0000000093d00000, 0x0000000093d00000| Untracked 
| 318|0x0000000093e00000, 0x0000000093e00000, 0x0000000093f00000|  0%| F|  |TAMS 0x0000000093e00000, 0x0000000093e00000| Untracked 
| 319|0x0000000093f00000, 0x0000000093f00000, 0x0000000094000000|  0%| F|  |TAMS 0x0000000093f00000, 0x0000000093f00000| Untracked 
| 320|0x0000000094000000, 0x0000000094000000, 0x0000000094100000|  0%| F|  |TAMS 0x0000000094000000, 0x0000000094000000| Untracked 
| 321|0x0000000094100000, 0x0000000094100000, 0x0000000094200000|  0%| F|  |TAMS 0x0000000094100000, 0x0000000094100000| Untracked 
| 322|0x0000000094200000, 0x0000000094200000, 0x0000000094300000|  0%| F|  |TAMS 0x0000000094200000, 0x0000000094200000| Untracked 
| 323|0x0000000094300000, 0x0000000094300000, 0x0000000094400000|  0%| F|  |TAMS 0x0000000094300000, 0x0000000094300000| Untracked 
| 324|0x0000000094400000, 0x0000000094400000, 0x0000000094500000|  0%| F|  |TAMS 0x0000000094400000, 0x0000000094400000| Untracked 
| 325|0x0000000094500000, 0x0000000094500000, 0x0000000094600000|  0%| F|  |TAMS 0x0000000094500000, 0x0000000094500000| Untracked 
| 326|0x0000000094600000, 0x0000000094600000, 0x0000000094700000|  0%| F|  |TAMS 0x0000000094600000, 0x0000000094600000| Untracked 
| 327|0x0000000094700000, 0x0000000094700000, 0x0000000094800000|  0%| F|  |TAMS 0x0000000094700000, 0x0000000094700000| Untracked 
| 328|0x0000000094800000, 0x0000000094800000, 0x0000000094900000|  0%| F|  |TAMS 0x0000000094800000, 0x0000000094800000| Untracked 
| 329|0x0000000094900000, 0x0000000094900000, 0x0000000094a00000|  0%| F|  |TAMS 0x0000000094900000, 0x0000000094900000| Untracked 
| 330|0x0000000094a00000, 0x0000000094a00000, 0x0000000094b00000|  0%| F|  |TAMS 0x0000000094a00000, 0x0000000094a00000| Untracked 
| 331|0x0000000094b00000, 0x0000000094b00000, 0x0000000094c00000|  0%| F|  |TAMS 0x0000000094b00000, 0x0000000094b00000| Untracked 
| 332|0x0000000094c00000, 0x0000000094c00000, 0x0000000094d00000|  0%| F|  |TAMS 0x0000000094c00000, 0x0000000094c00000| Untracked 
| 333|0x0000000094d00000, 0x0000000094d00000, 0x0000000094e00000|  0%| F|  |TAMS 0x0000000094d00000, 0x0000000094d00000| Untracked 
| 334|0x0000000094e00000, 0x0000000094e00000, 0x0000000094f00000|  0%| F|  |TAMS 0x0000000094e00000, 0x0000000094e00000| Untracked 
| 335|0x0000000094f00000, 0x0000000094f00000, 0x0000000095000000|  0%| F|  |TAMS 0x0000000094f00000, 0x0000000094f00000| Untracked 
| 336|0x0000000095000000, 0x0000000095100000, 0x0000000095100000|100%| S|CS|TAMS 0x0000000095000000, 0x0000000095000000| Complete 
| 337|0x0000000095100000, 0x0000000095200000, 0x0000000095200000|100%| S|CS|TAMS 0x0000000095100000, 0x0000000095100000| Complete 
| 338|0x0000000095200000, 0x0000000095300000, 0x0000000095300000|100%| S|CS|TAMS 0x0000000095200000, 0x0000000095200000| Complete 
| 339|0x0000000095300000, 0x0000000095300000, 0x0000000095400000|  0%| F|  |TAMS 0x0000000095300000, 0x0000000095300000| Untracked 
| 340|0x0000000095400000, 0x0000000095400000, 0x0000000095500000|  0%| F|  |TAMS 0x0000000095400000, 0x0000000095400000| Untracked 
| 341|0x0000000095500000, 0x0000000095500000, 0x0000000095600000|  0%| F|  |TAMS 0x0000000095500000, 0x0000000095500000| Untracked 
| 342|0x0000000095600000, 0x0000000095600000, 0x0000000095700000|  0%| F|  |TAMS 0x0000000095600000, 0x0000000095600000| Untracked 
| 343|0x0000000095700000, 0x0000000095700000, 0x0000000095800000|  0%| F|  |TAMS 0x0000000095700000, 0x0000000095700000| Untracked 
| 344|0x0000000095800000, 0x0000000095800000, 0x0000000095900000|  0%| F|  |TAMS 0x0000000095800000, 0x0000000095800000| Untracked 
| 345|0x0000000095900000, 0x0000000095900000, 0x0000000095a00000|  0%| F|  |TAMS 0x0000000095900000, 0x0000000095900000| Untracked 
| 346|0x0000000095a00000, 0x0000000095a00000, 0x0000000095b00000|  0%| F|  |TAMS 0x0000000095a00000, 0x0000000095a00000| Untracked 
| 347|0x0000000095b00000, 0x0000000095b00000, 0x0000000095c00000|  0%| F|  |TAMS 0x0000000095b00000, 0x0000000095b00000| Untracked 
| 348|0x0000000095c00000, 0x0000000095c00000, 0x0000000095d00000|  0%| F|  |TAMS 0x0000000095c00000, 0x0000000095c00000| Untracked 
| 349|0x0000000095d00000, 0x0000000095d00000, 0x0000000095e00000|  0%| F|  |TAMS 0x0000000095d00000, 0x0000000095d00000| Untracked 
| 350|0x0000000095e00000, 0x0000000095e00000, 0x0000000095f00000|  0%| F|  |TAMS 0x0000000095e00000, 0x0000000095e00000| Untracked 
| 351|0x0000000095f00000, 0x0000000095f00000, 0x0000000096000000|  0%| F|  |TAMS 0x0000000095f00000, 0x0000000095f00000| Untracked 
| 352|0x0000000096000000, 0x0000000096000000, 0x0000000096100000|  0%| F|  |TAMS 0x0000000096000000, 0x0000000096000000| Untracked 
| 353|0x0000000096100000, 0x0000000096100000, 0x0000000096200000|  0%| F|  |TAMS 0x0000000096100000, 0x0000000096100000| Untracked 
| 354|0x0000000096200000, 0x0000000096200000, 0x0000000096300000|  0%| F|  |TAMS 0x0000000096200000, 0x0000000096200000| Untracked 
| 355|0x0000000096300000, 0x0000000096300000, 0x0000000096400000|  0%| F|  |TAMS 0x0000000096300000, 0x0000000096300000| Untracked 

Card table byte_map: [0x0000002a3ea50000,0x0000002a3ee50000] _byte_map_base: 0x0000002a3e650000

Marking Bits (Prev, Next): (CMBitMap*) 0x0000002a2bd47db8, (CMBitMap*) 0x0000002a2bd47df0
 Prev Bits: [0x0000002a3f250000, 0x0000002a41250000)
 Next Bits: [0x0000002a41250000, 0x0000002a43250000)

Polling page: 0x0000002a29b30000

Metaspace:

Usage:
  Non-class:    107.81 MB capacity,   105.98 MB ( 98%) used,     1.51 MB (  1%) free+waste,   330.50 KB ( <1%) overhead. 
      Class:     15.75 MB capacity,    14.74 MB ( 94%) used,   892.29 KB (  6%) free+waste,   144.63 KB ( <1%) overhead. 
       Both:    123.56 MB capacity,   120.72 MB ( 98%) used,     2.38 MB (  2%) free+waste,   475.13 KB ( <1%) overhead. 

Virtual space:
  Non-class space:      108.00 MB reserved,     107.87 MB (>99%) committed 
      Class space:        1.00 GB reserved,      15.82 MB (  2%) committed 
             Both:        1.11 GB reserved,     123.70 MB ( 11%) committed 

Chunk freelists:
   Non-Class:  0 bytes
       Class:  31.00 KB
        Both:  31.00 KB

MaxMetaspaceSize: 17179869184.00 GB
CompressedClassSpaceSize: 1.00 GB

CodeHeap 'non-profiled nmethods': size=120064Kb used=13323Kb max_used=13323Kb free=106740Kb
 bounds [0x0000002a37110000, 0x0000002a37e30000, 0x0000002a3e650000]
CodeHeap 'profiled nmethods': size=120000Kb used=41466Kb max_used=41466Kb free=78533Kb
 bounds [0x0000002a2fbe0000, 0x0000002a32500000, 0x0000002a37110000]
CodeHeap 'non-nmethods': size=5696Kb used=2341Kb max_used=2420Kb free=3354Kb
 bounds [0x0000002a2f650000, 0x0000002a2f8c0000, 0x0000002a2fbe0000]
 total_blobs=18723 nmethods=17765 adapters=868
 compilation: enabled
              stopped_count=0, restarted_count=0
 full_count=0

Compilation events (20 events):
Event: 9496.202 Thread 0x0000002a4f81d000 20181   !   4       java.util.concurrent.ForkJoinTask$AdaptedCallable::exec (28 bytes)
Event: 9496.203 Thread 0x0000002a46541000 nmethod 20177 0x0000002a3077b910 code [0x0000002a3077bac0, 0x0000002a3077bbe8]
Event: 9496.203 Thread 0x0000002a46541000 20178       2       com.android.tools.r8.graph.t1::g (8 bytes)
Event: 9496.203 Thread 0x0000002a46541000 nmethod 20178 0x0000002a3078a710 code [0x0000002a3078a8c0, 0x0000002a3078a9e8]
Event: 9496.209 Thread 0x0000002a464e2000 nmethod 20180 0x0000002a37806510 code [0x0000002a378066e0, 0x0000002a37806c98]
Event: 9496.209 Thread 0x0000002a464e2000 20182       4       com.android.tools.r8.dex.b::a (124 bytes)
Event: 9496.210 Thread 0x0000002a4f81d000 nmethod 20181 0x0000002a37805f10 code [0x0000002a378060c0, 0x0000002a378062b8]
Event: 9496.217 Thread 0x0000002a46541000 20183       3       com.android.tools.r8.utils.V::a (276 bytes)
Event: 9496.223 Thread 0x0000002a46541000 nmethod 20183 0x0000002a30865690 code [0x0000002a30865aa0, 0x0000002a30867418]
Event: 9496.223 Thread 0x0000002a46541000 20184       3       com.android.tools.r8.dex.P$$Lambda$1296/0x0000000100f7dc40::accept (16 bytes)
Event: 9496.225 Thread 0x0000002a46541000 nmethod 20184 0x0000002a3079da10 code [0x0000002a3079dc60, 0x0000002a3079e4b8]
Event: 9496.230 Thread 0x0000002a4f81d000 20185 %     4       java.lang.Iterable::forEach @ 12 (39 bytes)
Event: 9496.234 Thread 0x0000002a46541000 20186       3       com.android.tools.r8.dex.P$c$$Lambda$1297/0x0000000100f7d040::compare (16 bytes)
Event: 9496.235 Thread 0x0000002a46541000 nmethod 20186 0x0000002a30793d90 code [0x0000002a30793f60, 0x0000002a30794268]
Event: 9496.235 Thread 0x0000002a46541000 20187       3       com.android.tools.r8.dex.P$c::a (94 bytes)
Event: 9496.235 Thread 0x0000002a4f81d000 nmethod 20185% 0x0000002a37805a90 code [0x0000002a37805c40, 0x0000002a37805dd8]
Event: 9496.237 Thread 0x0000002a46541000 nmethod 20187 0x0000002a307fd410 code [0x0000002a307fd700, 0x0000002a307fe4e8]
Event: 9496.240 Thread 0x0000002a4f81d000 20188       4       com.android.tools.r8.dex.P$c$$Lambda$1297/0x0000000100f7d040::compare (16 bytes)
Event: 9496.304 Thread 0x0000002a464e2000 nmethod 20182 0x0000002a37803f90 code [0x0000002a37804220, 0x0000002a37805148]
Event: 9496.304 Thread 0x0000002a464e2000 20189       4       com.android.tools.r8.dex.P$c::a (94 bytes)

GC Heap History (20 events):
Event: 9459.261 GC heap after
{Heap after GC invocations=121 (full 0):
 garbage-first heap   total 364544K, used 102807K [0x0000000080000000, 0x0000000100000000)
  region size 1024K, 2 young (2048K), 2 survivors (2048K)
 Metaspace       used 118399K, capacity 121209K, committed 121544K, reserved 1155072K
  class space    used 14612K, capacity 15571K, committed 15692K, reserved 1048576K
}
Event: 9461.338 GC heap before
{Heap before GC invocations=122 (full 0):
 garbage-first heap   total 364544K, used 133527K [0x0000000080000000, 0x0000000100000000)
  region size 1024K, 33 young (33792K), 2 survivors (2048K)
 Metaspace       used 120194K, capacity 123002K, committed 123208K, reserved 1157120K
  class space    used 14772K, capacity 15752K, committed 15820K, reserved 1048576K
}
Event: 9461.348 GC heap after
{Heap after GC invocations=123 (full 0):
 garbage-first heap   total 364544K, used 101950K [0x0000000080000000, 0x0000000100000000)
  region size 1024K, 3 young (3072K), 3 survivors (3072K)
 Metaspace       used 120194K, capacity 123002K, committed 123208K, reserved 1157120K
  class space    used 14772K, capacity 15752K, committed 15820K, reserved 1048576K
}
Event: 9462.501 GC heap before
{Heap before GC invocations=123 (full 0):
 garbage-first heap   total 364544K, used 142910K [0x0000000080000000, 0x0000000100000000)
  region size 1024K, 43 young (44032K), 3 survivors (3072K)
 Metaspace       used 120883K, capacity 123697K, committed 123976K, reserved 1157120K
  class space    used 14812K, capacity 15787K, committed 15820K, reserved 1048576K
}
Event: 9462.513 GC heap after
{Heap after GC invocations=124 (full 0):
 garbage-first heap   total 364544K, used 102807K [0x0000000080000000, 0x0000000100000000)
  region size 1024K, 3 young (3072K), 3 survivors (3072K)
 Metaspace       used 120883K, capacity 123697K, committed 123976K, reserved 1157120K
  class space    used 14812K, capacity 15787K, committed 15820K, reserved 1048576K
}
Event: 9463.887 GC heap before
{Heap before GC invocations=125 (full 0):
 garbage-first heap   total 364544K, used 152983K [0x0000000080000000, 0x0000000100000000)
  region size 1024K, 52 young (53248K), 3 survivors (3072K)
 Metaspace       used 121093K, capacity 123900K, committed 123976K, reserved 1157120K
  class space    used 14818K, capacity 15788K, committed 15820K, reserved 1048576K
}
Event: 9463.903 GC heap after
{Heap after GC invocations=126 (full 0):
 garbage-first heap   total 364544K, used 102489K [0x0000000080000000, 0x0000000100000000)
  region size 1024K, 3 young (3072K), 3 survivors (3072K)
 Metaspace       used 121093K, capacity 123900K, committed 123976K, reserved 1157120K
  class space    used 14818K, capacity 15788K, committed 15820K, reserved 1048576K
}
Event: 9468.224 GC heap before
{Heap before GC invocations=126 (full 0):
 garbage-first heap   total 364544K, used 170073K [0x0000000080000000, 0x0000000100000000)
  region size 1024K, 69 young (70656K), 3 survivors (3072K)
 Metaspace       used 122491K, capacity 125390K, committed 125512K, reserved 1159168K
  class space    used 14991K, capacity 15999K, committed 16076K, reserved 1048576K
}
Event: 9468.251 GC heap after
{Heap after GC invocations=127 (full 0):
 garbage-first heap   total 364544K, used 102219K [0x0000000080000000, 0x0000000100000000)
  region size 1024K, 3 young (3072K), 3 survivors (3072K)
 Metaspace       used 122491K, capacity 125390K, committed 125512K, reserved 1159168K
  class space    used 14991K, capacity 15999K, committed 16076K, reserved 1048576K
}
Event: 9481.242 GC heap before
{Heap before GC invocations=128 (full 0):
 garbage-first heap   total 364544K, used 117579K [0x0000000080000000, 0x0000000100000000)
  region size 1024K, 20 young (20480K), 3 survivors (3072K)
 Metaspace       used 122758K, capacity 125594K, committed 125768K, reserved 1159168K
  class space    used 15020K, capacity 16039K, committed 16076K, reserved 1048576K
}
Event: 9481.263 GC heap after
{Heap after GC invocations=129 (full 0):
 garbage-first heap   total 364544K, used 101852K [0x0000000080000000, 0x0000000100000000)
  region size 1024K, 2 young (2048K), 2 survivors (2048K)
 Metaspace       used 122758K, capacity 125594K, committed 125768K, reserved 1159168K
  class space    used 15020K, capacity 16039K, committed 16076K, reserved 1048576K
}
Event: 9482.141 GC heap before
{Heap before GC invocations=130 (full 0):
 garbage-first heap   total 364544K, used 104924K [0x0000000080000000, 0x0000000100000000)
  region size 1024K, 4 young (4096K), 2 survivors (2048K)
 Metaspace       used 122771K, capacity 125594K, committed 125768K, reserved 1159168K
  class space    used 15022K, capacity 16039K, committed 16076K, reserved 1048576K
}
Event: 9482.158 GC heap after
{Heap after GC invocations=131 (full 0):
 garbage-first heap   total 364544K, used 106627K [0x0000000080000000, 0x0000000100000000)
  region size 1024K, 4 young (4096K), 4 survivors (4096K)
 Metaspace       used 122771K, capacity 125594K, committed 125768K, reserved 1159168K
  class space    used 15022K, capacity 16039K, committed 16076K, reserved 1048576K
}
Event: 9482.958 GC heap before
{Heap before GC invocations=132 (full 0):
 garbage-first heap   total 364544K, used 107651K [0x0000000080000000, 0x0000000100000000)
  region size 1024K, 6 young (6144K), 4 survivors (4096K)
 Metaspace       used 122863K, capacity 125821K, committed 126152K, reserved 1159168K
  class space    used 15038K, capacity 16072K, committed 16204K, reserved 1048576K
}
Event: 9482.972 GC heap after
{Heap after GC invocations=133 (full 0):
 garbage-first heap   total 364544K, used 109020K [0x0000000080000000, 0x0000000100000000)
  region size 1024K, 5 young (5120K), 5 survivors (5120K)
 Metaspace       used 122863K, capacity 125821K, committed 126152K, reserved 1159168K
  class space    used 15038K, capacity 16072K, committed 16204K, reserved 1048576K
}
Event: 9484.821 GC heap before
{Heap before GC invocations=134 (full 0):
 garbage-first heap   total 364544K, used 183772K [0x0000000080000000, 0x0000000100000000)
  region size 1024K, 71 young (72704K), 5 survivors (5120K)
 Metaspace       used 123530K, capacity 126418K, committed 126664K, reserved 1159168K
  class space    used 15090K, capacity 16097K, committed 16204K, reserved 1048576K
}
Event: 9488.004 GC heap after
{Heap after GC invocations=135 (full 0):
 garbage-first heap   total 364544K, used 145454K [0x0000000080000000, 0x0000000100000000)
  region size 1024K, 9 young (9216K), 9 survivors (9216K)
 Metaspace       used 123530K, capacity 126418K, committed 126664K, reserved 1159168K
  class space    used 15090K, capacity 16097K, committed 16204K, reserved 1048576K
}
Event: 9488.803 GC heap before
{Heap before GC invocations=135 (full 0):
 garbage-first heap   total 364544K, used 153646K [0x0000000080000000, 0x0000000100000000)
  region size 1024K, 17 young (17408K), 9 survivors (9216K)
 Metaspace       used 123586K, capacity 126487K, committed 126664K, reserved 1159168K
  class space    used 15091K, capacity 16097K, committed 16204K, reserved 1048576K
}
Event: 9494.794 GC heap after
{Heap after GC invocations=136 (full 0):
 garbage-first heap   total 364544K, used 151040K [0x0000000080000000, 0x0000000100000000)
  region size 1024K, 3 young (3072K), 3 survivors (3072K)
 Metaspace       used 123586K, capacity 126487K, committed 126664K, reserved 1159168K
  class space    used 15091K, capacity 16097K, committed 16204K, reserved 1048576K
}
Event: 9496.393 GC heap before
{Heap before GC invocations=136 (full 0):
 garbage-first heap   total 364544K, used 159744K [0x0000000080000000, 0x0000000100000000)
  region size 1024K, 17 young (17408K), 3 survivors (3072K)
 Metaspace       used 123612K, capacity 126528K, committed 126664K, reserved 1159168K
  class space    used 15092K, capacity 16129K, committed 16204K, reserved 1048576K
}

Deoptimization events (20 events):
Event: 9496.157 Thread 0x0000002a4f81e000 Uncommon trap: trap_request=0xffffffbe fr.pc=0x0000002a3780b040 relative=0x0000000000000be0
Event: 9496.157 Thread 0x0000002a4f81e000 Uncommon trap: reason=profile_predicate action=maybe_recompile pc=0x0000002a3780b040 method=com.android.tools.r8.dex.b.a(Lcom/android/tools/r8/graph/n0;)V @ 10 c2
Event: 9496.157 Thread 0x0000002a4f81e000 DEOPT PACKING pc=0x0000002a3780b040 sp=0x0000002a4e97f150
Event: 9496.157 Thread 0x0000002a4f81e000 DEOPT UNPACKING pc=0x0000002a2f6774af sp=0x0000002a4e97f110 mode 2
Event: 9496.157 Thread 0x0000002a4f81e000 Uncommon trap: trap_request=0xffffffbe fr.pc=0x0000002a3780b040 relative=0x0000000000000be0
Event: 9496.157 Thread 0x0000002a4f81e000 Uncommon trap: reason=profile_predicate action=maybe_recompile pc=0x0000002a3780b040 method=com.android.tools.r8.dex.b.a(Lcom/android/tools/r8/graph/n0;)V @ 10 c2
Event: 9496.157 Thread 0x0000002a4f81e000 DEOPT PACKING pc=0x0000002a3780b040 sp=0x0000002a4e97f150
Event: 9496.157 Thread 0x0000002a4f81e000 DEOPT UNPACKING pc=0x0000002a2f6774af sp=0x0000002a4e97f110 mode 2
Event: 9496.157 Thread 0x0000002a4f81e800 Uncommon trap: trap_request=0xffffffbe fr.pc=0x0000002a3780b040 relative=0x0000000000000be0
Event: 9496.157 Thread 0x0000002a4f81e800 Uncommon trap: reason=profile_predicate action=maybe_recompile pc=0x0000002a3780b040 method=com.android.tools.r8.dex.b.a(Lcom/android/tools/r8/graph/n0;)V @ 10 c2
Event: 9496.157 Thread 0x0000002a4f81e800 DEOPT PACKING pc=0x0000002a3780b040 sp=0x0000002a4ea7eca0
Event: 9496.157 Thread 0x0000002a4f81e800 DEOPT UNPACKING pc=0x0000002a2f6774af sp=0x0000002a4ea7ec60 mode 2
Event: 9496.158 Thread 0x0000002a4f81e800 Uncommon trap: trap_request=0xffffffbe fr.pc=0x0000002a3780b040 relative=0x0000000000000be0
Event: 9496.158 Thread 0x0000002a4f81e800 Uncommon trap: reason=profile_predicate action=maybe_recompile pc=0x0000002a3780b040 method=com.android.tools.r8.dex.b.a(Lcom/android/tools/r8/graph/n0;)V @ 10 c2
Event: 9496.158 Thread 0x0000002a4f81e800 DEOPT PACKING pc=0x0000002a3780b040 sp=0x0000002a4ea7eca0
Event: 9496.158 Thread 0x0000002a4f81e800 DEOPT UNPACKING pc=0x0000002a2f6774af sp=0x0000002a4ea7ec60 mode 2
Event: 9496.173 Thread 0x0000002a4f81e800 Uncommon trap: trap_request=0xffffffbe fr.pc=0x0000002a3780c410 relative=0x0000000000000330
Event: 9496.173 Thread 0x0000002a4f81e800 Uncommon trap: reason=profile_predicate action=maybe_recompile pc=0x0000002a3780c410 method=com.android.tools.r8.dex.b.a(Lcom/android/tools/r8/graph/n0;)V @ 10 c2
Event: 9496.173 Thread 0x0000002a4f81e800 DEOPT PACKING pc=0x0000002a3780c410 sp=0x0000002a4ea7eca0
Event: 9496.173 Thread 0x0000002a4f81e800 DEOPT UNPACKING pc=0x0000002a2f6774af sp=0x0000002a4ea7ec60 mode 2

Classes redefined (0 events):
No events

Internal exceptions (20 events):
Event: 9453.839 Thread 0x0000002a4c529000 Exception <a 'java/lang/NoSuchMethodError'{0x00000000926280e0}: <clinit>> (0x00000000926280e0) thrown at [./src/hotspot/share/prims/jni.cpp, line 1362]
Event: 9453.845 Thread 0x0000002a4c529000 Exception <a 'java/lang/NoSuchMethodError'{0x0000000092657d30}: <clinit>> (0x0000000092657d30) thrown at [./src/hotspot/share/prims/jni.cpp, line 1362]
Event: 9455.479 Thread 0x0000002a4c52b000 Exception <a 'java/lang/NoSuchMethodError'{0x00000000916f28f8}: 'int java.lang.invoke.DirectMethodHandle$Holder.invokeSpecial(java.lang.Object, java.lang.Object, java.lang.Object, java.lang.Object, java.lang.Object)'> (0x00000000916f28f8) thrown at [./src/hotspot/share/interpreter/linkResolver.cpp, line 773]
Event: 9456.069 Thread 0x0000002a4f816800 Exception <a 'java/lang/NoSuchMethodError'{0x00000000912873d8}: 'java.lang.Object java.lang.invoke.DirectMethodHandle$Holder.invokeStatic(java.lang.Object, long)'> (0x00000000912873d8) thrown at [./src/hotspot/share/interpreter/linkResolver.cpp, line 773]
Event: 9456.967 Thread 0x0000002a4f816800 Exception <a 'java/lang/IncompatibleClassChangeError'{0x00000000961faa70}: Found class java.lang.Object, but interface was expected> (0x00000000961faa70) thrown at [./src/hotspot/share/interpreter/linkResolver.cpp, line 839]
Event: 9457.883 Thread 0x0000002a4f816800 Exception <a 'java/lang/NoSuchMethodError'{0x00000000952fb150}: 'long java.lang.invoke.DirectMethodHandle$Holder.invokeStatic(java.lang.Object, java.lang.Object)'> (0x00000000952fb150) thrown at [./src/hotspot/share/interpreter/linkResolver.cpp, line 773]
Event: 9457.931 Thread 0x0000002a4f816800 Exception <a 'java/lang/NoSuchMethodError'{0x0000000095130088}: 'void java.lang.invoke.DirectMethodHandle$Holder.invokeSpecial(java.lang.Object, java.lang.Object, int, java.lang.Object)'> (0x0000000095130088) thrown at [./src/hotspot/share/interpreter/linkResolver.cpp, line 773]
Event: 9458.225 Thread 0x0000002a4f816800 Exception <a 'java/lang/NoSuchMethodError'{0x0000000094ecaae8}: 'java.lang.Object java.lang.invoke.DirectMethodHandle$Holder.invokeVirtual(java.lang.Object, java.lang.Object, int, java.lang.Object)'> (0x0000000094ecaae8) thrown at [./src/hotspot/share/interpreter/linkResolver.cpp, line 773]
Event: 9458.300 Thread 0x0000002a4c52e000 Exception <a 'java/lang/NoSuchMethodError'{0x0000000094d2ea80}: 'void java.lang.invoke.DirectMethodHandle$Holder.invokeStatic(java.lang.Object, long)'> (0x0000000094d2ea80) thrown at [./src/hotspot/share/interpreter/linkResolver.cpp, line 773]
Event: 9458.305 Thread 0x0000002a4c52e000 Exception <a 'java/lang/NoSuchMethodError'{0x0000000094d398d0}: 'java.lang.Object java.lang.invoke.DirectMethodHandle$Holder.invokeStaticInit(java.lang.Object, java.lang.Object, long, java.lang.Object)'> (0x0000000094d398d0) thrown at [./src/hotspot/share/interpreter/linkResolver.cpp, line 773]
Event: 9458.306 Thread 0x0000002a4c52e000 Exception <a 'java/lang/NoSuchMethodError'{0x0000000094d3fd60}: 'java.lang.Object java.lang.invoke.DirectMethodHandle$Holder.invokeStatic(java.lang.Object, java.lang.Object, long)'> (0x0000000094d3fd60) thrown at [./src/hotspot/share/interpreter/linkResolver.cpp, line 773]
Event: 9458.307 Thread 0x0000002a4c52e000 Exception <a 'java/lang/NoSuchMethodError'{0x0000000094d462d8}: 'java.lang.Object java.lang.invoke.Invokers$Holder.linkToTargetMethod(java.lang.Object, long, java.lang.Object)'> (0x0000000094d462d8) thrown at [./src/hotspot/share/interpreter/linkResolver.cpp, line 773]
Event: 9458.404 Thread 0x0000002a4f816800 Exception <a 'java/lang/NoSuchMethodError'{0x0000000094c1fa50}: 'void java.lang.invoke.DirectMethodHandle$Holder.invokeVirtual(java.lang.Object, java.lang.Object, int, java.lang.Object)'> (0x0000000094c1fa50) thrown at [./src/hotspot/share/interpreter/linkResolver.cpp, line 773]
Event: 9458.790 Thread 0x0000002a4f816800 Exception <a 'java/lang/NoSuchMethodError'{0x0000000094aeb660}: 'java.lang.Object java.lang.invoke.DirectMethodHandle$Holder.newInvokeSpecial(java.lang.Object, int)'> (0x0000000094aeb660) thrown at [./src/hotspot/share/interpreter/linkResolver.cpp, line 773]
Event: 9459.958 Thread 0x0000002a4f816800 Exception <a 'java/lang/NoSuchMethodError'{0x0000000095c6dec0}: 'java.lang.Object java.lang.invoke.DirectMethodHandle$Holder.invokeInterface(java.lang.Object, java.lang.Object, int)'> (0x0000000095c6dec0) thrown at [./src/hotspot/share/interpreter/linkResolver.cpp, line 773]
Event: 9464.988 Thread 0x0000002a4f816800 Exception <a 'java/lang/NoSuchMethodError'{0x00000000926ab618}: 'java.lang.Object java.lang.invoke.DirectMethodHandle$Holder.invokeSpecial(java.lang.Object, java.lang.Object, java.lang.Object, java.lang.Object, java.lang.Object, java.lang.Object, java.lang.Object, java.lang.Object, java.lang.Object, java.lang.Object)'> (0x00000000926ab618) thrown at [./src/hotspot/share/interpreter/linkResolver.cpp, line 773]
Event: 9464.988 Thread 0x0000002a4f816800 Exception <a 'java/lang/NoSuchMethodError'{0x00000000926af460}: 'java.lang.Object java.lang.invoke.Invokers$Holder.linkToTargetMethod(java.lang.Object, java.lang.Object, java.lang.Object, java.lang.Object, java.lang.Object, java.lang.Object, java.lang.Object, java.lang.Object, java.lang.Object)'> (0x00000000926af460) thrown at [./src/hotspot/share/interpreter/linkResolver.cpp, line 773]
Event: 9465.405 Thread 0x0000002a4f816800 Exception <a 'java/lang/NoSuchMethodError'{0x0000000092069a10}: 'void java.lang.invoke.DirectMethodHandle$Holder.invokeVirtual(java.lang.Object, java.lang.Object, int)'> (0x0000000092069a10) thrown at [./src/hotspot/share/interpreter/linkResolver.cpp, line 773]
Event: 9480.914 Thread 0x0000002a4c52a000 Exception <a 'java/lang/NoSuchMethodError'{0x0000000095527888}: <clinit>> (0x0000000095527888) thrown at [./src/hotspot/share/prims/jni.cpp, line 1362]
Event: 9482.892 Thread 0x0000002a4f816800 Exception <a 'sun/nio/fs/WindowsException'{0x0000000096265be0}> (0x0000000096265be0) thrown at [./src/hotspot/share/prims/jni.cpp, line 615]

Events (20 events):
Event: 9494.933 Executing coalesced safepoint VM operation: RevokeBias
Event: 9494.934 Executing coalesced safepoint VM operation: RevokeBias done
Event: 9494.934 Executing coalesced safepoint VM operation: RevokeBias
Event: 9494.934 Executing coalesced safepoint VM operation: RevokeBias done
Event: 9494.934 Executing VM operation: RevokeBias done
Event: 9495.052 Executing VM operation: BulkRevokeBias
Event: 9495.057 Executing coalesced safepoint VM operation: RevokeBias
Event: 9495.057 Executing coalesced safepoint VM operation: RevokeBias done
Event: 9495.057 Executing coalesced safepoint VM operation: RevokeBias
Event: 9495.057 Executing coalesced safepoint VM operation: RevokeBias done
Event: 9495.057 Executing coalesced safepoint VM operation: RevokeBias
Event: 9495.057 Executing coalesced safepoint VM operation: RevokeBias done
Event: 9495.057 Executing VM operation: BulkRevokeBias done
Event: 9495.781 loading class com/android/tools/r8/graph/t0$a
Event: 9495.781 loading class com/android/tools/r8/graph/t0$a done
Event: 9495.996 Executing VM operation: CGC_Operation
Event: 9496.041 Executing VM operation: CGC_Operation done
Event: 9496.158 Executing VM operation: RevokeBias
Event: 9496.166 Executing VM operation: RevokeBias done
Event: 9496.393 Executing VM operation: G1CollectForAllocation


Dynamic libraries:
0x00007ff6d6320000 - 0x00007ff6d632a000 	C:\Program Files\Android\Android Studio1\jre\bin\java.exe
0x00007ffbed350000 - 0x00007ffbed4fd000 	C:\WINDOWS\SYSTEM32\ntdll.dll
0x00007ffbece90000 - 0x00007ffbecfce000 	C:\WINDOWS\system32\KERNEL32.DLL
0x00007ffbea570000 - 0x00007ffbea686000 	C:\WINDOWS\system32\KERNELBASE.dll
0x00007ffbcd070000 - 0x00007ffbcd089000 	C:\Program Files\Android\Android Studio1\jre\bin\jli.dll
0x00007ffbcd000000 - 0x00007ffbcd017000 	C:\Program Files\Android\Android Studio1\jre\bin\VCRUNTIME140.dll
0x00007ffbe5e00000 - 0x00007ffbe5e04000 	C:\WINDOWS\SYSTEM32\api-ms-win-crt-stdio-l1-1-0.dll
0x00007ffbd27c0000 - 0x00007ffbd27c4000 	C:\WINDOWS\SYSTEM32\api-ms-win-crt-runtime-l1-1-0.dll
0x00007ffbd0ba0000 - 0x00007ffbd0ba3000 	C:\WINDOWS\SYSTEM32\api-ms-win-crt-environment-l1-1-0.dll
0x00007ffbcc8a0000 - 0x00007ffbcc8a5000 	C:\WINDOWS\SYSTEM32\api-ms-win-crt-math-l1-1-0.dll
0x00007ffbe5df0000 - 0x00007ffbe5df3000 	C:\WINDOWS\SYSTEM32\api-ms-win-crt-locale-l1-1-0.dll
0x00007ffbcc200000 - 0x00007ffbcc203000 	C:\WINDOWS\SYSTEM32\api-ms-win-crt-heap-l1-1-0.dll
0x00007ffbe85a0000 - 0x00007ffbe881b000 	C:\WINDOWS\WinSxS\amd64_microsoft.windows.common-controls_6595b64144ccf1df_6.0.9600.18006_none_623f33d3ecbe86e8\COMCTL32.dll
0x00007ffbecb60000 - 0x00007ffbeccd7000 	C:\WINDOWS\system32\USER32.dll
0x00007ffbcc890000 - 0x00007ffbcc893000 	C:\WINDOWS\SYSTEM32\api-ms-win-crt-filesystem-l1-1-0.dll
0x00007ffbd5150000 - 0x00007ffbd5154000 	C:\WINDOWS\SYSTEM32\api-ms-win-crt-string-l1-1-0.dll
0x00007ffbd0bc0000 - 0x00007ffbd0bc4000 	C:\WINDOWS\SYSTEM32\api-ms-win-crt-convert-l1-1-0.dll
0x00007ffbea9d0000 - 0x00007ffbeaa7a000 	C:\WINDOWS\system32\msvcrt.dll
0x00007ffbecd40000 - 0x00007ffbece8c000 	C:\WINDOWS\system32\GDI32.dll
0x00007ffbc0260000 - 0x00007ffbc0355000 	C:\WINDOWS\SYSTEM32\ucrtbase.DLL
0x00007ffbed0c0000 - 0x00007ffbed0f6000 	C:\WINDOWS\system32\IMM32.DLL
0x00007ffbed100000 - 0x00007ffbed251000 	C:\WINDOWS\system32\MSCTF.dll
0x00007ffbc0810000 - 0x00007ffbc08ad000 	C:\Program Files\Android\Android Studio1\jre\bin\msvcp140.dll
0x00007ffbc9150000 - 0x00007ffbc9155000 	C:\WINDOWS\SYSTEM32\api-ms-win-crt-multibyte-l1-1-0.dll
0x00007ffbcc250000 - 0x00007ffbcc253000 	C:\WINDOWS\SYSTEM32\api-ms-win-crt-time-l1-1-0.dll
0x00007ffbcf140000 - 0x00007ffbcf143000 	C:\WINDOWS\SYSTEM32\api-ms-win-crt-utility-l1-1-0.dll
0x00007ffbb1100000 - 0x00007ffbb1bbc000 	C:\Program Files\Android\Android Studio1\jre\bin\server\jvm.dll
0x00007ffbeadc0000 - 0x00007ffbeae6a000 	C:\WINDOWS\system32\ADVAPI32.dll
0x00007ffbe5e10000 - 0x00007ffbe5e19000 	C:\WINDOWS\SYSTEM32\WSOCK32.dll
0x00007ffbe55b0000 - 0x00007ffbe55d2000 	C:\WINDOWS\SYSTEM32\WINMM.dll
0x00007ffbe5dd0000 - 0x00007ffbe5dda000 	C:\WINDOWS\SYSTEM32\VERSION.dll
0x00007ffbed0a0000 - 0x00007ffbed0a7000 	C:\WINDOWS\system32\PSAPI.DLL
0x00007ffbecce0000 - 0x00007ffbecd39000 	C:\WINDOWS\SYSTEM32\sechost.dll
0x00007ffbeaa80000 - 0x00007ffbeabc0000 	C:\WINDOWS\system32\RPCRT4.dll
0x00007ffbec880000 - 0x00007ffbec8da000 	C:\WINDOWS\system32\WS2_32.dll
0x00007ffbe54f0000 - 0x00007ffbe551a000 	C:\WINDOWS\SYSTEM32\WINMMBASE.dll
0x00007ffbea540000 - 0x00007ffbea56e000 	C:\WINDOWS\system32\SspiCli.dll
0x00007ffbed2d0000 - 0x00007ffbed2d9000 	C:\WINDOWS\system32\NSI.dll
0x00007ffbea690000 - 0x00007ffbea6df000 	C:\WINDOWS\SYSTEM32\cfgmgr32.dll
0x00007ffbe9250000 - 0x00007ffbe9278000 	C:\WINDOWS\SYSTEM32\DEVOBJ.dll
0x00007ffbca950000 - 0x00007ffbca961000 	C:\Program Files\Android\Android Studio1\jre\bin\verify.dll
0x00007ffbe2800000 - 0x00007ffbe2989000 	C:\WINDOWS\SYSTEM32\DBGHELP.DLL
0x00007ffbca1d0000 - 0x00007ffbca1f9000 	C:\Program Files\Android\Android Studio1\jre\bin\java.dll
0x00007ffbcbf60000 - 0x00007ffbcbf6b000 	C:\Program Files\Android\Android Studio1\jre\bin\jimage.dll
0x00007ffbca510000 - 0x00007ffbca528000 	C:\Program Files\Android\Android Studio1\jre\bin\zip.dll
0x00007ffbeae70000 - 0x00007ffbec39b000 	C:\WINDOWS\system32\SHELL32.dll
0x00007ffbec940000 - 0x00007ffbecb52000 	C:\WINDOWS\SYSTEM32\combase.dll
0x00007ffbed260000 - 0x00007ffbed2b4000 	C:\WINDOWS\system32\SHLWAPI.dll
0x00007ffbe8a20000 - 0x00007ffbe8ad2000 	C:\WINDOWS\SYSTEM32\SHCORE.dll
0x00007ffbea470000 - 0x00007ffbea485000 	C:\WINDOWS\SYSTEM32\profapi.dll
0x00007ffbca120000 - 0x00007ffbca13a000 	C:\Program Files\Android\Android Studio1\jre\bin\net.dll
0x00007ffbe0fb0000 - 0x00007ffbe1077000 	C:\WINDOWS\SYSTEM32\WINHTTP.dll
0x00007ffbe9ca0000 - 0x00007ffbe9cf9000 	C:\WINDOWS\system32\mswsock.dll
0x00007ffbc9cf0000 - 0x00007ffbc9d04000 	C:\Program Files\Android\Android Studio1\jre\bin\nio.dll
0x00007ffbcd0e0000 - 0x00007ffbcd107000 	C:\Users\hp -pc\.gradle\native\fdc75f09e3144964f2cf3f50f0aa648679c211496f362492102eb8c894070792\windows-amd64\native-platform.dll
0x00007ffbc0520000 - 0x00007ffbc06b6000 	C:\Users\hp -pc\.gradle\native\12488b8bf47d2d4c9fbf2f6322a914ad602e24e48041cd04a747c6da556b65c4\windows-amd64\native-platform-file-events.dll
0x00007ffbca4f0000 - 0x00007ffbca4fa000 	C:\Program Files\Android\Android Studio1\jre\bin\management.dll
0x00007ffbc9cc0000 - 0x00007ffbc9ccc000 	C:\Program Files\Android\Android Studio1\jre\bin\management_ext.dll
0x00007ffbe9d00000 - 0x00007ffbe9d20000 	C:\WINDOWS\SYSTEM32\CRYPTSP.dll
0x00007ffbe9920000 - 0x00007ffbe9956000 	C:\WINDOWS\system32\rsaenh.dll
0x00007ffbe9f50000 - 0x00007ffbe9f76000 	C:\WINDOWS\SYSTEM32\bcrypt.dll
0x00007ffbe9a30000 - 0x00007ffbe9a51000 	C:\WINDOWS\SYSTEM32\USERENV.dll
0x00007ffbea270000 - 0x00007ffbea2d3000 	C:\WINDOWS\system32\bcryptprimitives.dll
0x00007ffbea3e0000 - 0x00007ffbea3eb000 	C:\WINDOWS\SYSTEM32\CRYPTBASE.dll
0x00007ffbe5e80000 - 0x00007ffbe5eaa000 	C:\WINDOWS\SYSTEM32\IPHLPAPI.DLL
0x00007ffbe57d0000 - 0x00007ffbe57da000 	C:\WINDOWS\SYSTEM32\WINNSI.DLL
0x00007ffbe4340000 - 0x00007ffbe4356000 	C:\WINDOWS\SYSTEM32\dhcpcsvc6.DLL
0x00007ffbe4320000 - 0x00007ffbe433a000 	C:\WINDOWS\SYSTEM32\dhcpcsvc.DLL
0x00007ffbe8ff0000 - 0x00007ffbe907e000 	C:\WINDOWS\system32\apphelp.dll

dbghelp: loaded successfully - version: 4.0.5 - missing functions: none
symbol engine: initialized successfully - sym options: 0x614 - pdb path: .;C:\Program Files\Android\Android Studio1\jre\bin;C:\WINDOWS\SYSTEM32;C:\WINDOWS\WinSxS\amd64_microsoft.windows.common-controls_6595b64144ccf1df_6.0.9600.18006_none_623f33d3ecbe86e8;C:\Program Files\Android\Android Studio1\jre\bin\server;C:\Users\hp -pc\.gradle\native\fdc75f09e3144964f2cf3f50f0aa648679c211496f362492102eb8c894070792\windows-amd64;C:\Users\hp -pc\.gradle\native\12488b8bf47d2d4c9fbf2f6322a914ad602e24e48041cd04a747c6da556b65c4\windows-amd64

VM Arguments:
jvm_args: --add-opens=java.base/java.util=ALL-UNNAMED --add-opens=java.base/java.lang=ALL-UNNAMED --add-opens=java.base/java.lang.invoke=ALL-UNNAMED --add-opens=java.prefs/java.util.prefs=ALL-UNNAMED -Xmx2048m -Dfile.encoding=UTF-8 -Duser.country=GB -Duser.language=en -Duser.variant 
java_command: org.gradle.launcher.daemon.bootstrap.GradleDaemon 6.7.1
java_class_path (initial): C:\Users\hp -pc\.gradle\wrapper\dists\gradle-6.7.1-bin\bwlcbys1h7rz3272sye1xwiv6\gradle-6.7.1\lib\gradle-launcher-6.7.1.jar
Launcher Type: SUN_STANDARD

[Global flags]
     intx CICompilerCount                          = 3                                         {product} {ergonomic}
     uint ConcGCThreads                            = 1                                         {product} {ergonomic}
     uint G1ConcRefinementThreads                  = 4                                         {product} {ergonomic}
   size_t G1HeapRegionSize                         = 1048576                                   {product} {ergonomic}
    uintx GCDrainStackTargetSize                   = 64                                        {product} {ergonomic}
   size_t InitialHeapSize                          = 134217728                                 {product} {ergonomic}
   size_t MarkStackSize                            = 4194304                                   {product} {ergonomic}
   size_t MaxHeapSize                              = 2147483648                                {product} {command line}
   size_t MaxNewSize                               = 1287651328                                {product} {ergonomic}
   size_t MinHeapDeltaBytes                        = 1048576                                   {product} {ergonomic}
    uintx NonNMethodCodeHeapSize                   = 5830732                                {pd product} {ergonomic}
    uintx NonProfiledCodeHeapSize                  = 122913754                              {pd product} {ergonomic}
    uintx ProfiledCodeHeapSize                     = 122913754                              {pd product} {ergonomic}
    uintx ReservedCodeCacheSize                    = 251658240                              {pd product} {ergonomic}
     bool SegmentedCodeCache                       = true                                      {product} {ergonomic}
     bool UseCompressedClassPointers               = true                                 {lp64_product} {ergonomic}
     bool UseCompressedOops                        = true                                 {lp64_product} {ergonomic}
     bool UseG1GC                                  = true                                      {product} {ergonomic}
     bool UseLargePagesIndividualAllocation        = false                                  {pd product} {ergonomic}

Logging:
Log output configuration:
 #0: stdout all=warning uptime,level,tags
 #1: stderr all=off uptime,level,tags

Environment Variables:
JAVA_HOME=C:\Program Files\Java\jdk1.8.0_45
PATH=C:\src\flutter\bin;C:\Windows\System32 ;C:\Program Files\dotnet\;C:\Program Files\Microsoft SQL Server\130\Tools\Binn\;C:\Program Files\Microsoft SQL Server\Client SDK\ODBC\170\Tools\Binn\;C:\Program Files\Microsoft SQL Server\Client SDK\ODBC\110\Tools\Binn\;C:\Program Files (x86)\Microsoft SQL Server\120\Tools\Binn\;C:\Program Files\Microsoft SQL Server\120\Tools\Binn\;C:\Program Files\Microsoft SQL Server\120\DTS\Binn\;C:\Program Files (x86)\Microsoft SQL Server\120\Tools\Binn\ManagementStudio\;C:\Program Files (x86)\Microsoft SQL Server\120\DTS\Binn\;C:\Program Files\Git\bin\git.exe;C:\src\flutter\bin;C:\Program Files\Git\cmd;C:\Windows\System32 ;C:\Users\hp -pc\AppData\Local\Programs\Microsoft VS Code\bin;C:\Users\hp -pc\.dotnet\tools
USERNAME=hp -pc
OS=Windows_NT
PROCESSOR_IDENTIFIER=Intel64 Family 6 Model 69 Stepping 1, GenuineIntel



---------------  S Y S T E M  ---------------

OS: Windows 8.1 , 64 bit Build 9600 (6.3.9600.17415)
OS uptime: 1 days 0:00 hours

CPU:total 4 (initial active 4) (2 cores per cpu, 2 threads per core) family 6 model 69 stepping 1, cmov, cx8, fxsr, mmx, sse, sse2, sse3, ssse3, sse4.1, sse4.2, popcnt, avx, avx2, aes, clmul, erms, lzcnt, ht, tsc, tscinvbit, bmi1, bmi2, fma

Memory: 4k page, system-wide physical 8123M (863M free)
TotalPageFile size 11195M (AvailPageFile size 377M)
current process WorkingSet (physical memory assigned to process): 547M, peak: 549M
current process commit charge ("private bytes"): 724M, peak: 1293M

vm_info: OpenJDK 64-Bit Server VM (11.0.8+10-b944.6842174) for windows-amd64 JRE (11.0.8+10-b944.6842174), built on Sep 19 2020 01:11:42 by "builder" with MS VC++ 14.0 (VS2015)

END.
